This is pdfTeX, Version 3.14159265-2.6-1.40.16 (TeX Live 2015) (preloaded format=pdflatex 2015.5.24)  12 NOV 2017 21:55
entering extended mode
 restricted \write18 enabled.
 %&-line parsing enabled.
**main.tex
(./main.tex
LaTeX2e <2015/01/01>
Babel <3.9l> and hyphenation patterns for 79 languages loaded.
(/usr/local/texlive/2015/texmf-dist/tex/latex/base/article.cls
Document Class: article 2014/09/29 v1.4h Standard LaTeX document class
(/usr/local/texlive/2015/texmf-dist/tex/latex/base/size10.clo
File: size10.clo 2014/09/29 v1.4h Standard LaTeX file (size option)
)
\c@part=\count79
\c@section=\count80
\c@subsection=\count81
\c@subsubsection=\count82
\c@paragraph=\count83
\c@subparagraph=\count84
\c@figure=\count85
\c@table=\count86
\abovecaptionskip=\skip41
\belowcaptionskip=\skip42
\bibindent=\dimen102
)
(/usr/local/texlive/2015/texmf-dist/tex/latex/preprint/fullpage.sty
Package: fullpage 1999/02/23 1.1 (PWD)
\FP@margin=\skip43
)
(/usr/local/texlive/2015/texmf-dist/tex/latex/graphics/graphicx.sty
Package: graphicx 2014/10/28 v1.0g Enhanced LaTeX Graphics (DPC,SPQR)

(/usr/local/texlive/2015/texmf-dist/tex/latex/graphics/keyval.sty
Package: keyval 2014/10/28 v1.15 key=value parser (DPC)
\KV@toks@=\toks14
)
(/usr/local/texlive/2015/texmf-dist/tex/latex/graphics/graphics.sty
Package: graphics 2014/10/28 v1.0p Standard LaTeX Graphics (DPC,SPQR)

(/usr/local/texlive/2015/texmf-dist/tex/latex/graphics/trig.sty
Package: trig 1999/03/16 v1.09 sin cos tan (DPC)
)
(/usr/local/texlive/2015/texmf-dist/tex/latex/latexconfig/graphics.cfg
File: graphics.cfg 2010/04/23 v1.9 graphics configuration of TeX Live
)
Package graphics Info: Driver file: pdftex.def on input line 94.

(/usr/local/texlive/2015/texmf-dist/tex/latex/pdftex-def/pdftex.def
File: pdftex.def 2011/05/27 v0.06d Graphics/color for pdfTeX

(/usr/local/texlive/2015/texmf-dist/tex/generic/oberdiek/infwarerr.sty
Package: infwarerr 2010/04/08 v1.3 Providing info/warning/error messages (HO)
)
(/usr/local/texlive/2015/texmf-dist/tex/generic/oberdiek/ltxcmds.sty
Package: ltxcmds 2011/11/09 v1.22 LaTeX kernel commands for general use (HO)
)
\Gread@gobject=\count87
))
\Gin@req@height=\dimen103
\Gin@req@width=\dimen104
)
(/usr/local/texlive/2015/texmf-dist/tex/latex/abstract/abstract.sty
Package: abstract 2009/06/08 v1.2a configurable abstracts
\abstitleskip=\skip44
\absleftindent=\skip45
\absrightindent=\skip46
\absparindent=\skip47
\absparsep=\skip48
)
(/usr/local/texlive/2015/texmf-dist/tex/latex/amsmath/amsmath.sty
Package: amsmath 2013/01/14 v2.14 AMS math features
\@mathmargin=\skip49

For additional information on amsmath, use the `?' option.
(/usr/local/texlive/2015/texmf-dist/tex/latex/amsmath/amstext.sty
Package: amstext 2000/06/29 v2.01

(/usr/local/texlive/2015/texmf-dist/tex/latex/amsmath/amsgen.sty
File: amsgen.sty 1999/11/30 v2.0
\@emptytoks=\toks15
\ex@=\dimen105
))
(/usr/local/texlive/2015/texmf-dist/tex/latex/amsmath/amsbsy.sty
Package: amsbsy 1999/11/29 v1.2d
\pmbraise@=\dimen106
)
(/usr/local/texlive/2015/texmf-dist/tex/latex/amsmath/amsopn.sty
Package: amsopn 1999/12/14 v2.01 operator names
)
\inf@bad=\count88
LaTeX Info: Redefining \frac on input line 210.
\uproot@=\count89
\leftroot@=\count90
LaTeX Info: Redefining \overline on input line 306.
\classnum@=\count91
\DOTSCASE@=\count92
LaTeX Info: Redefining \ldots on input line 378.
LaTeX Info: Redefining \dots on input line 381.
LaTeX Info: Redefining \cdots on input line 466.
\Mathstrutbox@=\box26
\strutbox@=\box27
\big@size=\dimen107
LaTeX Font Info:    Redeclaring font encoding OML on input line 566.
LaTeX Font Info:    Redeclaring font encoding OMS on input line 567.
\macc@depth=\count93
\c@MaxMatrixCols=\count94
\dotsspace@=\muskip10
\c@parentequation=\count95
\dspbrk@lvl=\count96
\tag@help=\toks16
\row@=\count97
\column@=\count98
\maxfields@=\count99
\andhelp@=\toks17
\eqnshift@=\dimen108
\alignsep@=\dimen109
\tagshift@=\dimen110
\tagwidth@=\dimen111
\totwidth@=\dimen112
\lineht@=\dimen113
\@envbody=\toks18
\multlinegap=\skip50
\multlinetaggap=\skip51
\mathdisplay@stack=\toks19
LaTeX Info: Redefining \[ on input line 2665.
LaTeX Info: Redefining \] on input line 2666.
)
(/usr/local/texlive/2015/texmf-dist/tex/latex/float/float.sty
Package: float 2001/11/08 v1.3d Float enhancements (AL)
\c@float@type=\count100
\float@exts=\toks20
\float@box=\box28
\@float@everytoks=\toks21
\@floatcapt=\box29
)
(/usr/local/texlive/2015/texmf-dist/tex/latex/jknapltx/mathrsfs.sty
Package: mathrsfs 1996/01/01 Math RSFS package v1.0 (jk)
\symrsfs=\mathgroup4
)
(/usr/local/texlive/2015/texmf-dist/tex/latex/base/inputenc.sty
Package: inputenc 2015/03/17 v1.2c Input encoding file
\inpenc@prehook=\toks22
\inpenc@posthook=\toks23

(/usr/local/texlive/2015/texmf-dist/tex/latex/base/utf8.def
File: utf8.def 2014/09/29 v1.1m UTF-8 support for inputenc
Now handling font encoding OML ...
... no UTF-8 mapping file for font encoding OML
Now handling font encoding T1 ...
... processing UTF-8 mapping file for font encoding T1

(/usr/local/texlive/2015/texmf-dist/tex/latex/base/t1enc.dfu
File: t1enc.dfu 2014/09/29 v1.1m UTF-8 support for inputenc
   defining Unicode char U+00A1 (decimal 161)
   defining Unicode char U+00A3 (decimal 163)
   defining Unicode char U+00AB (decimal 171)
   defining Unicode char U+00BB (decimal 187)
   defining Unicode char U+00BF (decimal 191)
   defining Unicode char U+00C0 (decimal 192)
   defining Unicode char U+00C1 (decimal 193)
   defining Unicode char U+00C2 (decimal 194)
   defining Unicode char U+00C3 (decimal 195)
   defining Unicode char U+00C4 (decimal 196)
   defining Unicode char U+00C5 (decimal 197)
   defining Unicode char U+00C6 (decimal 198)
   defining Unicode char U+00C7 (decimal 199)
   defining Unicode char U+00C8 (decimal 200)
   defining Unicode char U+00C9 (decimal 201)
   defining Unicode char U+00CA (decimal 202)
   defining Unicode char U+00CB (decimal 203)
   defining Unicode char U+00CC (decimal 204)
   defining Unicode char U+00CD (decimal 205)
   defining Unicode char U+00CE (decimal 206)
   defining Unicode char U+00CF (decimal 207)
   defining Unicode char U+00D0 (decimal 208)
   defining Unicode char U+00D1 (decimal 209)
   defining Unicode char U+00D2 (decimal 210)
   defining Unicode char U+00D3 (decimal 211)
   defining Unicode char U+00D4 (decimal 212)
   defining Unicode char U+00D5 (decimal 213)
   defining Unicode char U+00D6 (decimal 214)
   defining Unicode char U+00D8 (decimal 216)
   defining Unicode char U+00D9 (decimal 217)
   defining Unicode char U+00DA (decimal 218)
   defining Unicode char U+00DB (decimal 219)
   defining Unicode char U+00DC (decimal 220)
   defining Unicode char U+00DD (decimal 221)
   defining Unicode char U+00DE (decimal 222)
   defining Unicode char U+00DF (decimal 223)
   defining Unicode char U+00E0 (decimal 224)
   defining Unicode char U+00E1 (decimal 225)
   defining Unicode char U+00E2 (decimal 226)
   defining Unicode char U+00E3 (decimal 227)
   defining Unicode char U+00E4 (decimal 228)
   defining Unicode char U+00E5 (decimal 229)
   defining Unicode char U+00E6 (decimal 230)
   defining Unicode char U+00E7 (decimal 231)
   defining Unicode char U+00E8 (decimal 232)
   defining Unicode char U+00E9 (decimal 233)
   defining Unicode char U+00EA (decimal 234)
   defining Unicode char U+00EB (decimal 235)
   defining Unicode char U+00EC (decimal 236)
   defining Unicode char U+00ED (decimal 237)
   defining Unicode char U+00EE (decimal 238)
   defining Unicode char U+00EF (decimal 239)
   defining Unicode char U+00F0 (decimal 240)
   defining Unicode char U+00F1 (decimal 241)
   defining Unicode char U+00F2 (decimal 242)
   defining Unicode char U+00F3 (decimal 243)
   defining Unicode char U+00F4 (decimal 244)
   defining Unicode char U+00F5 (decimal 245)
   defining Unicode char U+00F6 (decimal 246)
   defining Unicode char U+00F8 (decimal 248)
   defining Unicode char U+00F9 (decimal 249)
   defining Unicode char U+00FA (decimal 250)
   defining Unicode char U+00FB (decimal 251)
   defining Unicode char U+00FC (decimal 252)
   defining Unicode char U+00FD (decimal 253)
   defining Unicode char U+00FE (decimal 254)
   defining Unicode char U+00FF (decimal 255)
   defining Unicode char U+0102 (decimal 258)
   defining Unicode char U+0103 (decimal 259)
   defining Unicode char U+0104 (decimal 260)
   defining Unicode char U+0105 (decimal 261)
   defining Unicode char U+0106 (decimal 262)
   defining Unicode char U+0107 (decimal 263)
   defining Unicode char U+010C (decimal 268)
   defining Unicode char U+010D (decimal 269)
   defining Unicode char U+010E (decimal 270)
   defining Unicode char U+010F (decimal 271)
   defining Unicode char U+0110 (decimal 272)
   defining Unicode char U+0111 (decimal 273)
   defining Unicode char U+0118 (decimal 280)
   defining Unicode char U+0119 (decimal 281)
   defining Unicode char U+011A (decimal 282)
   defining Unicode char U+011B (decimal 283)
   defining Unicode char U+011E (decimal 286)
   defining Unicode char U+011F (decimal 287)
   defining Unicode char U+0130 (decimal 304)
   defining Unicode char U+0131 (decimal 305)
   defining Unicode char U+0132 (decimal 306)
   defining Unicode char U+0133 (decimal 307)
   defining Unicode char U+0139 (decimal 313)
   defining Unicode char U+013A (decimal 314)
   defining Unicode char U+013D (decimal 317)
   defining Unicode char U+013E (decimal 318)
   defining Unicode char U+0141 (decimal 321)
   defining Unicode char U+0142 (decimal 322)
   defining Unicode char U+0143 (decimal 323)
   defining Unicode char U+0144 (decimal 324)
   defining Unicode char U+0147 (decimal 327)
   defining Unicode char U+0148 (decimal 328)
   defining Unicode char U+014A (decimal 330)
   defining Unicode char U+014B (decimal 331)
   defining Unicode char U+0150 (decimal 336)
   defining Unicode char U+0151 (decimal 337)
   defining Unicode char U+0152 (decimal 338)
   defining Unicode char U+0153 (decimal 339)
   defining Unicode char U+0154 (decimal 340)
   defining Unicode char U+0155 (decimal 341)
   defining Unicode char U+0158 (decimal 344)
   defining Unicode char U+0159 (decimal 345)
   defining Unicode char U+015A (decimal 346)
   defining Unicode char U+015B (decimal 347)
   defining Unicode char U+015E (decimal 350)
   defining Unicode char U+015F (decimal 351)
   defining Unicode char U+0160 (decimal 352)
   defining Unicode char U+0161 (decimal 353)
   defining Unicode char U+0162 (decimal 354)
   defining Unicode char U+0163 (decimal 355)
   defining Unicode char U+0164 (decimal 356)
   defining Unicode char U+0165 (decimal 357)
   defining Unicode char U+016E (decimal 366)
   defining Unicode char U+016F (decimal 367)
   defining Unicode char U+0170 (decimal 368)
   defining Unicode char U+0171 (decimal 369)
   defining Unicode char U+0178 (decimal 376)
   defining Unicode char U+0179 (decimal 377)
   defining Unicode char U+017A (decimal 378)
   defining Unicode char U+017B (decimal 379)
   defining Unicode char U+017C (decimal 380)
   defining Unicode char U+017D (decimal 381)
   defining Unicode char U+017E (decimal 382)
   defining Unicode char U+200C (decimal 8204)
   defining Unicode char U+2013 (decimal 8211)
   defining Unicode char U+2014 (decimal 8212)
   defining Unicode char U+2018 (decimal 8216)
   defining Unicode char U+2019 (decimal 8217)
   defining Unicode char U+201A (decimal 8218)
   defining Unicode char U+201C (decimal 8220)
   defining Unicode char U+201D (decimal 8221)
   defining Unicode char U+201E (decimal 8222)
   defining Unicode char U+2030 (decimal 8240)
   defining Unicode char U+2031 (decimal 8241)
   defining Unicode char U+2039 (decimal 8249)
   defining Unicode char U+203A (decimal 8250)
   defining Unicode char U+2423 (decimal 9251)
)
Now handling font encoding OT1 ...
... processing UTF-8 mapping file for font encoding OT1

(/usr/local/texlive/2015/texmf-dist/tex/latex/base/ot1enc.dfu
File: ot1enc.dfu 2014/09/29 v1.1m UTF-8 support for inputenc
   defining Unicode char U+00A1 (decimal 161)
   defining Unicode char U+00A3 (decimal 163)
   defining Unicode char U+00B8 (decimal 184)
   defining Unicode char U+00BF (decimal 191)
   defining Unicode char U+00C5 (decimal 197)
   defining Unicode char U+00C6 (decimal 198)
   defining Unicode char U+00D8 (decimal 216)
   defining Unicode char U+00DF (decimal 223)
   defining Unicode char U+00E6 (decimal 230)
   defining Unicode char U+00EC (decimal 236)
   defining Unicode char U+00ED (decimal 237)
   defining Unicode char U+00EE (decimal 238)
   defining Unicode char U+00EF (decimal 239)
   defining Unicode char U+00F8 (decimal 248)
   defining Unicode char U+0131 (decimal 305)
   defining Unicode char U+0141 (decimal 321)
   defining Unicode char U+0142 (decimal 322)
   defining Unicode char U+0152 (decimal 338)
   defining Unicode char U+0153 (decimal 339)
   defining Unicode char U+2013 (decimal 8211)
   defining Unicode char U+2014 (decimal 8212)
   defining Unicode char U+2018 (decimal 8216)
   defining Unicode char U+2019 (decimal 8217)
   defining Unicode char U+201C (decimal 8220)
   defining Unicode char U+201D (decimal 8221)
)
Now handling font encoding OMS ...
... processing UTF-8 mapping file for font encoding OMS

(/usr/local/texlive/2015/texmf-dist/tex/latex/base/omsenc.dfu
File: omsenc.dfu 2014/09/29 v1.1m UTF-8 support for inputenc
   defining Unicode char U+00A7 (decimal 167)
   defining Unicode char U+00B6 (decimal 182)
   defining Unicode char U+00B7 (decimal 183)
   defining Unicode char U+2020 (decimal 8224)
   defining Unicode char U+2021 (decimal 8225)
   defining Unicode char U+2022 (decimal 8226)
)
Now handling font encoding OMX ...
... no UTF-8 mapping file for font encoding OMX
Now handling font encoding U ...
... no UTF-8 mapping file for font encoding U
   defining Unicode char U+00A9 (decimal 169)
   defining Unicode char U+00AA (decimal 170)
   defining Unicode char U+00AE (decimal 174)
   defining Unicode char U+00BA (decimal 186)
   defining Unicode char U+02C6 (decimal 710)
   defining Unicode char U+02DC (decimal 732)
   defining Unicode char U+200C (decimal 8204)
   defining Unicode char U+2026 (decimal 8230)
   defining Unicode char U+2122 (decimal 8482)
   defining Unicode char U+2423 (decimal 9251)
))
(/usr/local/texlive/2015/texmf-dist/tex/latex/ms/ragged2e.sty
Package: ragged2e 2009/05/21 v2.1 ragged2e Package (MS)


LaTeX Warning: Command \@arrayparboxrestore  has changed.
               Check if current package is valid.

(/usr/local/texlive/2015/texmf-dist/tex/latex/ms/everysel.sty
Package: everysel 2011/10/28 v1.2 EverySelectfont Package (MS)
)
(/usr/local/texlive/2015/texmf-dist/tex/latex/footmisc/footmisc.sty
Package: footmisc 2011/06/06 v5.5b a miscellany of footnote facilities
\FN@temptoken=\toks24
\footnotemargin=\dimen114
\c@pp@next@reset=\count101
Package footmisc Info: Declaring symbol style bringhurst on input line 855.
Package footmisc Info: Declaring symbol style chicago on input line 863.
Package footmisc Info: Declaring symbol style wiley on input line 872.
Package footmisc Info: Declaring symbol style lamport-robust on input line 883.

Package footmisc Info: Declaring symbol style lamport* on input line 903.
Package footmisc Info: Declaring symbol style lamport*-robust on input line 924
.
)
\CenteringLeftskip=\skip52
\RaggedLeftLeftskip=\skip53
\RaggedRightLeftskip=\skip54
\CenteringRightskip=\skip55
\RaggedLeftRightskip=\skip56
\RaggedRightRightskip=\skip57
\CenteringParfillskip=\skip58
\RaggedLeftParfillskip=\skip59
\RaggedRightParfillskip=\skip60
\JustifyingParfillskip=\skip61
\CenteringParindent=\skip62
\RaggedLeftParindent=\skip63
\RaggedRightParindent=\skip64
\JustifyingParindent=\skip65
)
(/usr/local/texlive/2015/texmf-dist/tex/latex/subfiles/subfiles.sty
Package: subfiles 2012/05/23 Federico Garcia

(/usr/local/texlive/2015/texmf-dist/tex/latex/tools/verbatim.sty
Package: verbatim 2014/10/28 v1.5q LaTeX2e package for verbatim enhancements
\every@verbatim=\toks25
\verbatim@line=\toks26
\verbatim@in@stream=\read1
))
(/usr/local/texlive/2015/texmf-dist/tex/latex/caption/caption.sty
Package: caption 2013/05/02 v3.3-89 Customizing captions (AR)

(/usr/local/texlive/2015/texmf-dist/tex/latex/caption/caption3.sty
Package: caption3 2013/05/02 v1.6-88 caption3 kernel (AR)
Package caption3 Info: TeX engine: e-TeX on input line 57.
\captionmargin=\dimen115
\captionmargin@=\dimen116
\captionwidth=\dimen117
\caption@tempdima=\dimen118
\caption@indent=\dimen119
\caption@parindent=\dimen120
\caption@hangindent=\dimen121
)
\c@ContinuedFloat=\count102
Package caption Info: float package is loaded.
)
(/usr/local/texlive/2015/texmf-dist/tex/latex/caption/subcaption.sty
Package: subcaption 2013/02/03 v1.1-62 Sub-captions (AR)
\c@subfigure=\count103
\c@subtable=\count104
)
(./main.aux)
\openout1 = `main.aux'.

LaTeX Font Info:    Checking defaults for OML/cmm/m/it on input line 28.
LaTeX Font Info:    ... okay on input line 28.
LaTeX Font Info:    Checking defaults for T1/cmr/m/n on input line 28.
LaTeX Font Info:    ... okay on input line 28.
LaTeX Font Info:    Checking defaults for OT1/cmr/m/n on input line 28.
LaTeX Font Info:    ... okay on input line 28.
LaTeX Font Info:    Checking defaults for OMS/cmsy/m/n on input line 28.
LaTeX Font Info:    ... okay on input line 28.
LaTeX Font Info:    Checking defaults for OMX/cmex/m/n on input line 28.
LaTeX Font Info:    ... okay on input line 28.
LaTeX Font Info:    Checking defaults for U/cmr/m/n on input line 28.
LaTeX Font Info:    ... okay on input line 28.
 (/usr/local/texlive/2015/texmf-dist/tex/context/base/supp-pdf.mkii
[Loading MPS to PDF converter (version 2006.09.02).]
\scratchcounter=\count105
\scratchdimen=\dimen122
\scratchbox=\box30
\nofMPsegments=\count106
\nofMParguments=\count107
\everyMPshowfont=\toks27
\MPscratchCnt=\count108
\MPscratchDim=\dimen123
\MPnumerator=\count109
\makeMPintoPDFobject=\count110
\everyMPtoPDFconversion=\toks28
) (/usr/local/texlive/2015/texmf-dist/tex/generic/oberdiek/pdftexcmds.sty
Package: pdftexcmds 2011/11/29 v0.20 Utility functions of pdfTeX for LuaTeX (HO
)

(/usr/local/texlive/2015/texmf-dist/tex/generic/oberdiek/ifluatex.sty
Package: ifluatex 2010/03/01 v1.3 Provides the ifluatex switch (HO)
Package ifluatex Info: LuaTeX not detected.
)
(/usr/local/texlive/2015/texmf-dist/tex/generic/oberdiek/ifpdf.sty
Package: ifpdf 2011/01/30 v2.3 Provides the ifpdf switch (HO)
Package ifpdf Info: pdfTeX in PDF mode is detected.
)
Package pdftexcmds Info: LuaTeX not detected.
Package pdftexcmds Info: \pdf@primitive is available.
Package pdftexcmds Info: \pdf@ifprimitive is available.
Package pdftexcmds Info: \pdfdraftmode found.
)
(/usr/local/texlive/2015/texmf-dist/tex/latex/oberdiek/epstopdf-base.sty
Package: epstopdf-base 2010/02/09 v2.5 Base part for package epstopdf

(/usr/local/texlive/2015/texmf-dist/tex/latex/oberdiek/grfext.sty
Package: grfext 2010/08/19 v1.1 Manage graphics extensions (HO)

(/usr/local/texlive/2015/texmf-dist/tex/generic/oberdiek/kvdefinekeys.sty
Package: kvdefinekeys 2011/04/07 v1.3 Define keys (HO)
))
(/usr/local/texlive/2015/texmf-dist/tex/latex/oberdiek/kvoptions.sty
Package: kvoptions 2011/06/30 v3.11 Key value format for package options (HO)

(/usr/local/texlive/2015/texmf-dist/tex/generic/oberdiek/kvsetkeys.sty
Package: kvsetkeys 2012/04/25 v1.16 Key value parser (HO)

(/usr/local/texlive/2015/texmf-dist/tex/generic/oberdiek/etexcmds.sty
Package: etexcmds 2011/02/16 v1.5 Avoid name clashes with e-TeX commands (HO)
Package etexcmds Info: Could not find \expanded.
(etexcmds)             That can mean that you are not using pdfTeX 1.50 or
(etexcmds)             that some package has redefined \expanded.
(etexcmds)             In the latter case, load this package earlier.
)))
Package grfext Info: Graphics extension search list:
(grfext)             [.png,.pdf,.jpg,.mps,.jpeg,.jbig2,.jb2,.PNG,.PDF,.JPG,.JPE
G,.JBIG2,.JB2,.eps]
(grfext)             \AppendGraphicsExtensions on input line 452.

(/usr/local/texlive/2015/texmf-dist/tex/latex/latexconfig/epstopdf-sys.cfg
File: epstopdf-sys.cfg 2010/07/13 v1.3 Configuration of (r)epstopdf for TeX Liv
e
))
Package ragged2e Info: ABD: executing \RaggedRight on input line 28.

ABD: EverySelectfont initializing macros
LaTeX Info: Redefining \selectfont on input line 28.
Package caption Info: Begin \AtBeginDocument code.
Package caption Info: End \AtBeginDocument code.

<Images/barcode.png, id=1, 454.69875pt x 443.6575pt>
File: Images/barcode.png Graphic file (type png)
 <use Images/barcode.png>
Package pdftex.def Info: Images/barcode.png used on input line 78.
(pdftex.def)             Requested size: 45.47253pt x 44.36835pt.

[1

{/usr/local/texlive/2015/texmf-var/fonts/map/pdftex/updmap/pdftex.map} <./Image
s/barcode.png>] (./main.toc
LaTeX Font Info:    Try loading font information for U+rsfs on input line 3.

(/usr/local/texlive/2015/texmf-dist/tex/latex/jknapltx/ursfs.fd
File: ursfs.fd 1998/03/24 rsfs font definition file (jk)
))
\tf@toc=\write3
\openout3 = `main.toc'.

 [1]
(./main.lof)
\tf@lof=\write4
\openout4 = `main.lof'.

 (./main.lot)
\tf@lot=\write5
\openout5 = `main.lot'.

 [2] (./Introduction/Introduction.tex
<Introduction/Block_Diagram_MFBP.png, id=20, 490.83376pt x 57.21375pt>
File: Introduction/Block_Diagram_MFBP.png Graphic file (type png)

<use Introduction/Block_Diagram_MFBP.png>
Package pdftex.def Info: Introduction/Block_Diagram_MFBP.png used on input line
 14.
(pdftex.def)             Requested size: 422.77664pt x 49.28229pt.
) (./CircuitDevelopment/Circuit.tex
(./CircuitDevelopment/ring_oscillator.tex
<CircuitDevelopment/RingOscillatorCMOSexp.png, id=21, 1117.92656pt x 657.2053pt
>
File: CircuitDevelopment/RingOscillatorCMOSexp.png Graphic file (type png)
 <use CircuitDevelopment/RingOscillatorCMOSexp.png>
Package pdftex.def Info: CircuitDevelopment/RingOscillatorCMOSexp.png used on i
nput line 8.
(pdftex.def)             Requested size: 234.8775pt x 138.07735pt.
 [1

 <./Introduction/Block_Diagram_MFBP.png>]
<CircuitDevelopment/ringoscsimlab4.jpg, id=27, 853.1875pt x 602.25pt>
File: CircuitDevelopment/ringoscsimlab4.jpg Graphic file (type jpg)

<use CircuitDevelopment/ringoscsimlab4.jpg>
Package pdftex.def Info: CircuitDevelopment/ringoscsimlab4.jpg used on input li
ne 18.
(pdftex.def)             Requested size: 328.82707pt x 232.11967pt.
)
(./CircuitDevelopment/signal_conditioner.tex [2 <./CircuitDevelopment/RingOscil
latorCMOSexp.png> <./CircuitDevelopment/ringoscsimlab4.jpg>]
<CircuitDevelopment/schmitttransfer.jpg, id=31, 216.81pt x 164.615pt>
File: CircuitDevelopment/schmitttransfer.jpg Graphic file (type jpg)

<use CircuitDevelopment/schmitttransfer.jpg>
Package pdftex.def Info: CircuitDevelopment/schmitttransfer.jpg used on input l
ine 8.
(pdftex.def)             Requested size: 211.38832pt x 160.50777pt.

<CIrcuitDevelopment/SignalConditionerSimulationSchem.png, id=32, 694.09312pt x 
420.82219pt>
File: CIrcuitDevelopment/SignalConditionerSimulationSchem.png Graphic file (typ
e png)
 <use CIrcuitDevelopment/SignalConditionerSimulationSchem.png>
Package pdftex.def Info: CIrcuitDevelopment/SignalConditionerSimulationSchem.pn
g used on input line 16.
(pdftex.def)             Requested size: 281.85587pt x 170.88795pt.

[3 <./CircuitDevelopment/schmitttransfer.jpg> <./CIrcuitDevelopment/SignalCondi
tionerSimulationSchem.png>]
<CircuitDevelopment/Vconditioned_sim.jpg, id=40, 853.1875pt x 602.25pt>
File: CircuitDevelopment/Vconditioned_sim.jpg Graphic file (type jpg)

<use CircuitDevelopment/Vconditioned_sim.jpg>
Package pdftex.def Info: CircuitDevelopment/Vconditioned_sim.jpg used on input 
line 25.
(pdftex.def)             Requested size: 281.85587pt x 198.96365pt.
)
(./CircuitDevelopment/current_driver.tex
<CircuitDevelopment/ledgeneric.png, id=41, 373.395pt x 241.90375pt>
File: CircuitDevelopment/ledgeneric.png Graphic file (type png)

<use CircuitDevelopment/ledgeneric.png>
Package pdftex.def Info: CircuitDevelopment/ledgeneric.png used on input line 6
.
(pdftex.def)             Requested size: 281.85587pt x 182.60852pt.
 [4 <./CircuitDevelopment/Vconditioned_sim.jpg>] <CircuitDevelopment/IvsVled.pn
g, id=46, 348.30125pt x 334.24875pt>
File: CircuitDevelopment/IvsVled.png Graphic file (type png)

<use CircuitDevelopment/IvsVled.png>
Package pdftex.def Info: CircuitDevelopment/IvsVled.png used on input line 18.
(pdftex.def)             Requested size: 211.38832pt x 202.86119pt.
 [5 <./CircuitDevelopment/ledgeneric.png (PNG copy)> <./CircuitDevelopment/IvsV
led.png (PNG copy)>]
<CircuitDevelopment/FinalLEDdriverSChem.png, id=51, 615.0478pt x 422.32782pt>
File: CircuitDevelopment/FinalLEDdriverSChem.png Graphic file (type png)

<use CircuitDevelopment/FinalLEDdriverSChem.png>
Package pdftex.def Info: CircuitDevelopment/FinalLEDdriverSChem.png used on inp
ut line 32.
(pdftex.def)             Requested size: 281.85587pt x 193.53851pt.

<CircuitDevelopment/sim_current_lab4.jpg, id=52, 853.1875pt x 602.25pt>
File: CircuitDevelopment/sim_current_lab4.jpg Graphic file (type jpg)

<use CircuitDevelopment/sim_current_lab4.jpg>
Package pdftex.def Info: CircuitDevelopment/sim_current_lab4.jpg used on input 
line 41.
(pdftex.def)             Requested size: 281.85587pt x 198.96365pt.

Overfull \hbox (0.19026pt too wide) in paragraph at lines 46--47
[]\OT1/cmr/m/n/10 The cur-rent through the LED matched the cal-cu-lated value o
f 200mA. The LED is in an op-er-a-tional state. 
 []

[6 <./CircuitDevelopment/FinalLEDdriverSChem.png> <./CircuitDevelopment/sim_cur
rent_lab4.jpg>]) (./CircuitDevelopment/voltageregulator.tex
<CircuitDevelopment/voltageregulator.png, id=57, 261.97874pt x 110.4125pt>
File: CircuitDevelopment/voltageregulator.png Graphic file (type png)

<use CircuitDevelopment/voltageregulator.png>
Package pdftex.def Info: CircuitDevelopment/voltageregulator.png used on input 
line 7.
(pdftex.def)             Requested size: 258.36668pt x 108.89256pt.
)
<CircuitDevelopment/FinalschemLab4.png, id=58, 1211.27531pt x 422.32782pt>
File: CircuitDevelopment/FinalschemLab4.png Graphic file (type png)

<use CircuitDevelopment/FinalschemLab4.png>
Package pdftex.def Info: CircuitDevelopment/FinalschemLab4.png used on input li
ne 27.
(pdftex.def)             Requested size: 328.82707pt x 114.64867pt.
 [7 <./CircuitDevelopment/voltageregulator.png (PNG copy)> <./CircuitDevelopmen
t/FinalschemLab4.png>])
(./ExperimentalImplementation/experimental.tex
<ExperimentalImplementation/FINAlexperimentalSchem.png, id=62, 1184.92688pt x 4
49.42906pt>
File: ExperimentalImplementation/FINAlexperimentalSchem.png Graphic file (type 
png)
 <use ExperimentalImplementation/FINAlexperimentalSchem.png>
Package pdftex.def Info: ExperimentalImplementation/FINAlexperimentalSchem.png 
used on input line 6.
(pdftex.def)             Requested size: 328.82707pt x 124.72147pt.

(./ExperimentalImplementation/ringosc.tex
<ExperimentalImplementation/vring_out.jpg, id=63, 853.1875pt x 602.25pt>
File: ExperimentalImplementation/vring_out.jpg Graphic file (type jpg)

<use ExperimentalImplementation/vring_out.jpg>
Package pdftex.def Info: ExperimentalImplementation/vring_out.jpg used on input
 line 6.
(pdftex.def)             Requested size: 281.85587pt x 198.96365pt.
 [8 <./ExperimentalImplementation/FINAlexperimentalSchem.png>])
(./ExperimentalImplementation/signalconditioner.tex
<ExperimentalImplementation/SignalConditionerExperimentalSchem.png, id=67, 694.
09312pt x 420.82219pt>
File: ExperimentalImplementation/SignalConditionerExperimentalSchem.png Graphic
 file (type png)

<use ExperimentalImplementation/SignalConditionerExperimentalSchem.png>
Package pdftex.def Info: ExperimentalImplementation/SignalConditionerExperiment
alSchem.png used on input line 8.
(pdftex.def)             Requested size: 281.85587pt x 170.88795pt.

<ExperimentalImplementation/conditioned_voltage_lab4.jpg, id=68, 853.1875pt x 6
02.25pt>
File: ExperimentalImplementation/conditioned_voltage_lab4.jpg Graphic file (typ
e jpg)
 <use ExperimentalImplementation/conditioned_voltage_lab4.jpg>
Package pdftex.def Info: ExperimentalImplementation/conditioned_voltage_lab4.jp
g used on input line 17.
(pdftex.def)             Requested size: 281.85587pt x 198.96365pt.
 [9 <./ExperimentalImplementation/vring_out.jpg>])
(./ExperimentalImplementation/currentdriver.tex
<ExperimentalImplementation/LEDDriverExperimentalSchem.png, id=72, 590.95781pt 
x 352.31625pt>
File: ExperimentalImplementation/LEDDriverExperimentalSchem.png Graphic file (t
ype png)
 <use ExperimentalImplementation/LEDDriverExperimentalSchem.png>
Package pdftex.def Info: ExperimentalImplementation/LEDDriverExperimentalSchem.
png used on input line 6.
(pdftex.def)             Requested size: 281.85587pt x 168.04007pt.

[10 <./ExperimentalImplementation/SignalConditionerExperimentalSchem.png> <./Ex
perimentalImplementation/conditioned_voltage_lab4.jpg>]
<ExperimentalImplementation/expcurrentlab4.jpg, id=78, 853.1875pt x 602.25pt>
File: ExperimentalImplementation/expcurrentlab4.jpg Graphic file (type jpg)

<use ExperimentalImplementation/expcurrentlab4.jpg>
Package pdftex.def Info: ExperimentalImplementation/expcurrentlab4.jpg used on 
input line 15.
(pdftex.def)             Requested size: 281.85587pt x 198.96365pt.
)) [11 <./ExperimentalImplementation/LEDDriverExperimentalSchem.png> <./Experim
entalImplementation/expcurrentlab4.jpg>] (./Discussion/Discussion.tex) (./Concl
usion/Conclusion.tex
[12]) [13]
Underfull \hbox (badness 10000) in paragraph at lines 131--132
[]\OT1/cmr/m/n/10 D.E. Kotecki Lab.(2017) Lab $#4$ LED driver [On-line]. Avail-
able: 
 []


Overfull \hbox (156.83519pt too wide) in paragraph at lines 134--135
[]\OT1/cmr/m/n/10 NPTEL.(2017) Schmitt Trig-ger [On-line]. Avail-able: hhttp://
www.nptel.ac.in/courses/117107094/lecturers/lecture[]18/lecture18[]page1.htm  
 []


Underfull \hbox (badness 10000) in paragraph at lines 137--140
[]\OT1/cmr/m/n/10 N.W. Em-anatoglu.(2017) Lab $#4$; LED Driver [On-line]. Avail
-able: 
 []


Underfull \hbox (badness 10000) in paragraph at lines 142--144
[]\OT1/cmr/m/n/10 Everlight Elec-tron-ics. (2017) 5mm In-frared LED. [On-line].
 Avail-able: 
 []


Underfull \hbox (badness 10000) in paragraph at lines 146--148
[]\OT1/cmr/m/n/10 ON Semi-con-duc-tor. (2017) LM7805 [On-line]. Avail-able: 
 []

[14

] (./main.aux) ) 
Here is how much of TeX's memory you used:
 3905 strings out of 493089
 61874 string characters out of 6134842
 122931 words of memory out of 5000000
 7256 multiletter control sequences out of 15000+600000
 7021 words of font info for 27 fonts, out of 8000000 for 9000
 1141 hyphenation exceptions out of 8191
 38i,9n,39p,905b,381s stack positions out of 5000i,500n,10000p,200000b,80000s
</usr/local/texlive/2015/texmf-dist/fonts/type1/public/amsfonts
/cm/cmbx10.pfb></usr/local/texlive/2015/texmf-dist/fonts/type1/public/amsfonts/
cm/cmbx12.pfb></usr/local/texlive/2015/texmf-dist/fonts/type1/public/amsfonts/c
m/cmbx9.pfb></usr/local/texlive/2015/texmf-dist/fonts/type1/public/amsfonts/cm/
cmmi10.pfb></usr/local/texlive/2015/texmf-dist/fonts/type1/public/amsfonts/cm/c
mmi7.pfb></usr/local/texlive/2015/texmf-dist/fonts/type1/public/amsfonts/cm/cmr
10.pfb></usr/local/texlive/2015/texmf-dist/fonts/type1/public/amsfonts/cm/cmr7.
pfb></usr/local/texlive/2015/texmf-dist/fonts/type1/public/amsfonts/cm/cmr9.pfb
></usr/local/texlive/2015/texmf-dist/fonts/type1/public/amsfonts/cm/cmsy10.pfb>
</usr/local/texlive/2015/texmf-dist/fonts/type1/public/amsfonts/cm/cmsy7.pfb>
Output written on main.pdf (17 pages, 606044 bytes).
PDF statistics:
 125 PDF objects out of 1000 (max. 8388607)
 70 compressed objects within 1 object stream
 0 named destinations out of 1000 (max. 500000)
 96 words of extra memory for PDF output out of 10000 (max. 10000000)

