This is pdfTeX, Version 3.14159265-2.6-1.40.16 (TeX Live 2015) (preloaded format=pdflatex 2015.5.24)  11 DEC 2017 15:49
entering extended mode
 restricted \write18 enabled.
 %&-line parsing enabled.
**main.tex
(./main.tex
LaTeX2e <2015/01/01>
Babel <3.9l> and hyphenation patterns for 79 languages loaded.
(/usr/local/texlive/2015/texmf-dist/tex/latex/base/article.cls
Document Class: article 2014/09/29 v1.4h Standard LaTeX document class
(/usr/local/texlive/2015/texmf-dist/tex/latex/base/size10.clo
File: size10.clo 2014/09/29 v1.4h Standard LaTeX file (size option)
)
\c@part=\count79
\c@section=\count80
\c@subsection=\count81
\c@subsubsection=\count82
\c@paragraph=\count83
\c@subparagraph=\count84
\c@figure=\count85
\c@table=\count86
\abovecaptionskip=\skip41
\belowcaptionskip=\skip42
\bibindent=\dimen102
)
(/usr/local/texlive/2015/texmf-dist/tex/latex/preprint/fullpage.sty
Package: fullpage 1999/02/23 1.1 (PWD)
\FP@margin=\skip43
)
(/usr/local/texlive/2015/texmf-dist/tex/latex/graphics/graphicx.sty
Package: graphicx 2014/10/28 v1.0g Enhanced LaTeX Graphics (DPC,SPQR)

(/usr/local/texlive/2015/texmf-dist/tex/latex/graphics/keyval.sty
Package: keyval 2014/10/28 v1.15 key=value parser (DPC)
\KV@toks@=\toks14
)
(/usr/local/texlive/2015/texmf-dist/tex/latex/graphics/graphics.sty
Package: graphics 2014/10/28 v1.0p Standard LaTeX Graphics (DPC,SPQR)

(/usr/local/texlive/2015/texmf-dist/tex/latex/graphics/trig.sty
Package: trig 1999/03/16 v1.09 sin cos tan (DPC)
)
(/usr/local/texlive/2015/texmf-dist/tex/latex/latexconfig/graphics.cfg
File: graphics.cfg 2010/04/23 v1.9 graphics configuration of TeX Live
)
Package graphics Info: Driver file: pdftex.def on input line 94.

(/usr/local/texlive/2015/texmf-dist/tex/latex/pdftex-def/pdftex.def
File: pdftex.def 2011/05/27 v0.06d Graphics/color for pdfTeX

(/usr/local/texlive/2015/texmf-dist/tex/generic/oberdiek/infwarerr.sty
Package: infwarerr 2010/04/08 v1.3 Providing info/warning/error messages (HO)
)
(/usr/local/texlive/2015/texmf-dist/tex/generic/oberdiek/ltxcmds.sty
Package: ltxcmds 2011/11/09 v1.22 LaTeX kernel commands for general use (HO)
)
\Gread@gobject=\count87
))
\Gin@req@height=\dimen103
\Gin@req@width=\dimen104
)
(/usr/local/texlive/2015/texmf-dist/tex/latex/abstract/abstract.sty
Package: abstract 2009/06/08 v1.2a configurable abstracts
\abstitleskip=\skip44
\absleftindent=\skip45
\absrightindent=\skip46
\absparindent=\skip47
\absparsep=\skip48
)
(/usr/local/texlive/2015/texmf-dist/tex/latex/amsmath/amsmath.sty
Package: amsmath 2013/01/14 v2.14 AMS math features
\@mathmargin=\skip49

For additional information on amsmath, use the `?' option.
(/usr/local/texlive/2015/texmf-dist/tex/latex/amsmath/amstext.sty
Package: amstext 2000/06/29 v2.01

(/usr/local/texlive/2015/texmf-dist/tex/latex/amsmath/amsgen.sty
File: amsgen.sty 1999/11/30 v2.0
\@emptytoks=\toks15
\ex@=\dimen105
))
(/usr/local/texlive/2015/texmf-dist/tex/latex/amsmath/amsbsy.sty
Package: amsbsy 1999/11/29 v1.2d
\pmbraise@=\dimen106
)
(/usr/local/texlive/2015/texmf-dist/tex/latex/amsmath/amsopn.sty
Package: amsopn 1999/12/14 v2.01 operator names
)
\inf@bad=\count88
LaTeX Info: Redefining \frac on input line 210.
\uproot@=\count89
\leftroot@=\count90
LaTeX Info: Redefining \overline on input line 306.
\classnum@=\count91
\DOTSCASE@=\count92
LaTeX Info: Redefining \ldots on input line 378.
LaTeX Info: Redefining \dots on input line 381.
LaTeX Info: Redefining \cdots on input line 466.
\Mathstrutbox@=\box26
\strutbox@=\box27
\big@size=\dimen107
LaTeX Font Info:    Redeclaring font encoding OML on input line 566.
LaTeX Font Info:    Redeclaring font encoding OMS on input line 567.
\macc@depth=\count93
\c@MaxMatrixCols=\count94
\dotsspace@=\muskip10
\c@parentequation=\count95
\dspbrk@lvl=\count96
\tag@help=\toks16
\row@=\count97
\column@=\count98
\maxfields@=\count99
\andhelp@=\toks17
\eqnshift@=\dimen108
\alignsep@=\dimen109
\tagshift@=\dimen110
\tagwidth@=\dimen111
\totwidth@=\dimen112
\lineht@=\dimen113
\@envbody=\toks18
\multlinegap=\skip50
\multlinetaggap=\skip51
\mathdisplay@stack=\toks19
LaTeX Info: Redefining \[ on input line 2665.
LaTeX Info: Redefining \] on input line 2666.
)
(/usr/local/texlive/2015/texmf-dist/tex/latex/float/float.sty
Package: float 2001/11/08 v1.3d Float enhancements (AL)
\c@float@type=\count100
\float@exts=\toks20
\float@box=\box28
\@float@everytoks=\toks21
\@floatcapt=\box29
)
(/usr/local/texlive/2015/texmf-dist/tex/latex/jknapltx/mathrsfs.sty
Package: mathrsfs 1996/01/01 Math RSFS package v1.0 (jk)
\symrsfs=\mathgroup4
)
(/usr/local/texlive/2015/texmf-dist/tex/latex/base/inputenc.sty
Package: inputenc 2015/03/17 v1.2c Input encoding file
\inpenc@prehook=\toks22
\inpenc@posthook=\toks23

(/usr/local/texlive/2015/texmf-dist/tex/latex/base/utf8.def
File: utf8.def 2014/09/29 v1.1m UTF-8 support for inputenc
Now handling font encoding OML ...
... no UTF-8 mapping file for font encoding OML
Now handling font encoding T1 ...
... processing UTF-8 mapping file for font encoding T1

(/usr/local/texlive/2015/texmf-dist/tex/latex/base/t1enc.dfu
File: t1enc.dfu 2014/09/29 v1.1m UTF-8 support for inputenc
   defining Unicode char U+00A1 (decimal 161)
   defining Unicode char U+00A3 (decimal 163)
   defining Unicode char U+00AB (decimal 171)
   defining Unicode char U+00BB (decimal 187)
   defining Unicode char U+00BF (decimal 191)
   defining Unicode char U+00C0 (decimal 192)
   defining Unicode char U+00C1 (decimal 193)
   defining Unicode char U+00C2 (decimal 194)
   defining Unicode char U+00C3 (decimal 195)
   defining Unicode char U+00C4 (decimal 196)
   defining Unicode char U+00C5 (decimal 197)
   defining Unicode char U+00C6 (decimal 198)
   defining Unicode char U+00C7 (decimal 199)
   defining Unicode char U+00C8 (decimal 200)
   defining Unicode char U+00C9 (decimal 201)
   defining Unicode char U+00CA (decimal 202)
   defining Unicode char U+00CB (decimal 203)
   defining Unicode char U+00CC (decimal 204)
   defining Unicode char U+00CD (decimal 205)
   defining Unicode char U+00CE (decimal 206)
   defining Unicode char U+00CF (decimal 207)
   defining Unicode char U+00D0 (decimal 208)
   defining Unicode char U+00D1 (decimal 209)
   defining Unicode char U+00D2 (decimal 210)
   defining Unicode char U+00D3 (decimal 211)
   defining Unicode char U+00D4 (decimal 212)
   defining Unicode char U+00D5 (decimal 213)
   defining Unicode char U+00D6 (decimal 214)
   defining Unicode char U+00D8 (decimal 216)
   defining Unicode char U+00D9 (decimal 217)
   defining Unicode char U+00DA (decimal 218)
   defining Unicode char U+00DB (decimal 219)
   defining Unicode char U+00DC (decimal 220)
   defining Unicode char U+00DD (decimal 221)
   defining Unicode char U+00DE (decimal 222)
   defining Unicode char U+00DF (decimal 223)
   defining Unicode char U+00E0 (decimal 224)
   defining Unicode char U+00E1 (decimal 225)
   defining Unicode char U+00E2 (decimal 226)
   defining Unicode char U+00E3 (decimal 227)
   defining Unicode char U+00E4 (decimal 228)
   defining Unicode char U+00E5 (decimal 229)
   defining Unicode char U+00E6 (decimal 230)
   defining Unicode char U+00E7 (decimal 231)
   defining Unicode char U+00E8 (decimal 232)
   defining Unicode char U+00E9 (decimal 233)
   defining Unicode char U+00EA (decimal 234)
   defining Unicode char U+00EB (decimal 235)
   defining Unicode char U+00EC (decimal 236)
   defining Unicode char U+00ED (decimal 237)
   defining Unicode char U+00EE (decimal 238)
   defining Unicode char U+00EF (decimal 239)
   defining Unicode char U+00F0 (decimal 240)
   defining Unicode char U+00F1 (decimal 241)
   defining Unicode char U+00F2 (decimal 242)
   defining Unicode char U+00F3 (decimal 243)
   defining Unicode char U+00F4 (decimal 244)
   defining Unicode char U+00F5 (decimal 245)
   defining Unicode char U+00F6 (decimal 246)
   defining Unicode char U+00F8 (decimal 248)
   defining Unicode char U+00F9 (decimal 249)
   defining Unicode char U+00FA (decimal 250)
   defining Unicode char U+00FB (decimal 251)
   defining Unicode char U+00FC (decimal 252)
   defining Unicode char U+00FD (decimal 253)
   defining Unicode char U+00FE (decimal 254)
   defining Unicode char U+00FF (decimal 255)
   defining Unicode char U+0102 (decimal 258)
   defining Unicode char U+0103 (decimal 259)
   defining Unicode char U+0104 (decimal 260)
   defining Unicode char U+0105 (decimal 261)
   defining Unicode char U+0106 (decimal 262)
   defining Unicode char U+0107 (decimal 263)
   defining Unicode char U+010C (decimal 268)
   defining Unicode char U+010D (decimal 269)
   defining Unicode char U+010E (decimal 270)
   defining Unicode char U+010F (decimal 271)
   defining Unicode char U+0110 (decimal 272)
   defining Unicode char U+0111 (decimal 273)
   defining Unicode char U+0118 (decimal 280)
   defining Unicode char U+0119 (decimal 281)
   defining Unicode char U+011A (decimal 282)
   defining Unicode char U+011B (decimal 283)
   defining Unicode char U+011E (decimal 286)
   defining Unicode char U+011F (decimal 287)
   defining Unicode char U+0130 (decimal 304)
   defining Unicode char U+0131 (decimal 305)
   defining Unicode char U+0132 (decimal 306)
   defining Unicode char U+0133 (decimal 307)
   defining Unicode char U+0139 (decimal 313)
   defining Unicode char U+013A (decimal 314)
   defining Unicode char U+013D (decimal 317)
   defining Unicode char U+013E (decimal 318)
   defining Unicode char U+0141 (decimal 321)
   defining Unicode char U+0142 (decimal 322)
   defining Unicode char U+0143 (decimal 323)
   defining Unicode char U+0144 (decimal 324)
   defining Unicode char U+0147 (decimal 327)
   defining Unicode char U+0148 (decimal 328)
   defining Unicode char U+014A (decimal 330)
   defining Unicode char U+014B (decimal 331)
   defining Unicode char U+0150 (decimal 336)
   defining Unicode char U+0151 (decimal 337)
   defining Unicode char U+0152 (decimal 338)
   defining Unicode char U+0153 (decimal 339)
   defining Unicode char U+0154 (decimal 340)
   defining Unicode char U+0155 (decimal 341)
   defining Unicode char U+0158 (decimal 344)
   defining Unicode char U+0159 (decimal 345)
   defining Unicode char U+015A (decimal 346)
   defining Unicode char U+015B (decimal 347)
   defining Unicode char U+015E (decimal 350)
   defining Unicode char U+015F (decimal 351)
   defining Unicode char U+0160 (decimal 352)
   defining Unicode char U+0161 (decimal 353)
   defining Unicode char U+0162 (decimal 354)
   defining Unicode char U+0163 (decimal 355)
   defining Unicode char U+0164 (decimal 356)
   defining Unicode char U+0165 (decimal 357)
   defining Unicode char U+016E (decimal 366)
   defining Unicode char U+016F (decimal 367)
   defining Unicode char U+0170 (decimal 368)
   defining Unicode char U+0171 (decimal 369)
   defining Unicode char U+0178 (decimal 376)
   defining Unicode char U+0179 (decimal 377)
   defining Unicode char U+017A (decimal 378)
   defining Unicode char U+017B (decimal 379)
   defining Unicode char U+017C (decimal 380)
   defining Unicode char U+017D (decimal 381)
   defining Unicode char U+017E (decimal 382)
   defining Unicode char U+200C (decimal 8204)
   defining Unicode char U+2013 (decimal 8211)
   defining Unicode char U+2014 (decimal 8212)
   defining Unicode char U+2018 (decimal 8216)
   defining Unicode char U+2019 (decimal 8217)
   defining Unicode char U+201A (decimal 8218)
   defining Unicode char U+201C (decimal 8220)
   defining Unicode char U+201D (decimal 8221)
   defining Unicode char U+201E (decimal 8222)
   defining Unicode char U+2030 (decimal 8240)
   defining Unicode char U+2031 (decimal 8241)
   defining Unicode char U+2039 (decimal 8249)
   defining Unicode char U+203A (decimal 8250)
   defining Unicode char U+2423 (decimal 9251)
)
Now handling font encoding OT1 ...
... processing UTF-8 mapping file for font encoding OT1

(/usr/local/texlive/2015/texmf-dist/tex/latex/base/ot1enc.dfu
File: ot1enc.dfu 2014/09/29 v1.1m UTF-8 support for inputenc
   defining Unicode char U+00A1 (decimal 161)
   defining Unicode char U+00A3 (decimal 163)
   defining Unicode char U+00B8 (decimal 184)
   defining Unicode char U+00BF (decimal 191)
   defining Unicode char U+00C5 (decimal 197)
   defining Unicode char U+00C6 (decimal 198)
   defining Unicode char U+00D8 (decimal 216)
   defining Unicode char U+00DF (decimal 223)
   defining Unicode char U+00E6 (decimal 230)
   defining Unicode char U+00EC (decimal 236)
   defining Unicode char U+00ED (decimal 237)
   defining Unicode char U+00EE (decimal 238)
   defining Unicode char U+00EF (decimal 239)
   defining Unicode char U+00F8 (decimal 248)
   defining Unicode char U+0131 (decimal 305)
   defining Unicode char U+0141 (decimal 321)
   defining Unicode char U+0142 (decimal 322)
   defining Unicode char U+0152 (decimal 338)
   defining Unicode char U+0153 (decimal 339)
   defining Unicode char U+2013 (decimal 8211)
   defining Unicode char U+2014 (decimal 8212)
   defining Unicode char U+2018 (decimal 8216)
   defining Unicode char U+2019 (decimal 8217)
   defining Unicode char U+201C (decimal 8220)
   defining Unicode char U+201D (decimal 8221)
)
Now handling font encoding OMS ...
... processing UTF-8 mapping file for font encoding OMS

(/usr/local/texlive/2015/texmf-dist/tex/latex/base/omsenc.dfu
File: omsenc.dfu 2014/09/29 v1.1m UTF-8 support for inputenc
   defining Unicode char U+00A7 (decimal 167)
   defining Unicode char U+00B6 (decimal 182)
   defining Unicode char U+00B7 (decimal 183)
   defining Unicode char U+2020 (decimal 8224)
   defining Unicode char U+2021 (decimal 8225)
   defining Unicode char U+2022 (decimal 8226)
)
Now handling font encoding OMX ...
... no UTF-8 mapping file for font encoding OMX
Now handling font encoding U ...
... no UTF-8 mapping file for font encoding U
   defining Unicode char U+00A9 (decimal 169)
   defining Unicode char U+00AA (decimal 170)
   defining Unicode char U+00AE (decimal 174)
   defining Unicode char U+00BA (decimal 186)
   defining Unicode char U+02C6 (decimal 710)
   defining Unicode char U+02DC (decimal 732)
   defining Unicode char U+200C (decimal 8204)
   defining Unicode char U+2026 (decimal 8230)
   defining Unicode char U+2122 (decimal 8482)
   defining Unicode char U+2423 (decimal 9251)
))
(/usr/local/texlive/2015/texmf-dist/tex/latex/ms/ragged2e.sty
Package: ragged2e 2009/05/21 v2.1 ragged2e Package (MS)


LaTeX Warning: Command \@arrayparboxrestore  has changed.
               Check if current package is valid.

(/usr/local/texlive/2015/texmf-dist/tex/latex/ms/everysel.sty
Package: everysel 2011/10/28 v1.2 EverySelectfont Package (MS)
)
(/usr/local/texlive/2015/texmf-dist/tex/latex/footmisc/footmisc.sty
Package: footmisc 2011/06/06 v5.5b a miscellany of footnote facilities
\FN@temptoken=\toks24
\footnotemargin=\dimen114
\c@pp@next@reset=\count101
Package footmisc Info: Declaring symbol style bringhurst on input line 855.
Package footmisc Info: Declaring symbol style chicago on input line 863.
Package footmisc Info: Declaring symbol style wiley on input line 872.
Package footmisc Info: Declaring symbol style lamport-robust on input line 883.

Package footmisc Info: Declaring symbol style lamport* on input line 903.
Package footmisc Info: Declaring symbol style lamport*-robust on input line 924
.
)
\CenteringLeftskip=\skip52
\RaggedLeftLeftskip=\skip53
\RaggedRightLeftskip=\skip54
\CenteringRightskip=\skip55
\RaggedLeftRightskip=\skip56
\RaggedRightRightskip=\skip57
\CenteringParfillskip=\skip58
\RaggedLeftParfillskip=\skip59
\RaggedRightParfillskip=\skip60
\JustifyingParfillskip=\skip61
\CenteringParindent=\skip62
\RaggedLeftParindent=\skip63
\RaggedRightParindent=\skip64
\JustifyingParindent=\skip65
)
(/usr/local/texlive/2015/texmf-dist/tex/latex/subfiles/subfiles.sty
Package: subfiles 2012/05/23 Federico Garcia

(/usr/local/texlive/2015/texmf-dist/tex/latex/tools/verbatim.sty
Package: verbatim 2014/10/28 v1.5q LaTeX2e package for verbatim enhancements
\every@verbatim=\toks25
\verbatim@line=\toks26
\verbatim@in@stream=\read1
))
(/usr/local/texlive/2015/texmf-dist/tex/latex/caption/caption.sty
Package: caption 2013/05/02 v3.3-89 Customizing captions (AR)

(/usr/local/texlive/2015/texmf-dist/tex/latex/caption/caption3.sty
Package: caption3 2013/05/02 v1.6-88 caption3 kernel (AR)
Package caption3 Info: TeX engine: e-TeX on input line 57.
\captionmargin=\dimen115
\captionmargin@=\dimen116
\captionwidth=\dimen117
\caption@tempdima=\dimen118
\caption@indent=\dimen119
\caption@parindent=\dimen120
\caption@hangindent=\dimen121
)
\c@ContinuedFloat=\count102
Package caption Info: float package is loaded.
)
(/usr/local/texlive/2015/texmf-dist/tex/latex/caption/subcaption.sty
Package: subcaption 2013/02/03 v1.1-62 Sub-captions (AR)
\c@subfigure=\count103
\c@subtable=\count104
)
(/usr/local/texlive/2015/texmf-dist/tex/latex/appendix/appendix.sty
Package: appendix 2009/09/02 v1.2b extra appendix facilities
\c@@pps=\count105
\c@@ppsavesec=\count106
\c@@ppsaveapp=\count107
)
(/usr/local/texlive/2015/texmf-dist/tex/latex/pdfpages/pdfpages.sty
Package: pdfpages 2015/05/11 v0.4x Insert pages of external PDF documents (AM)

(/usr/local/texlive/2015/texmf-dist/tex/latex/base/ifthen.sty
Package: ifthen 2014/09/29 v1.1c Standard LaTeX ifthen package (DPC)
)
(/usr/local/texlive/2015/texmf-dist/tex/latex/tools/calc.sty
Package: calc 2014/10/28 v4.3 Infix arithmetic (KKT,FJ)
\calc@Acount=\count108
\calc@Bcount=\count109
\calc@Adimen=\dimen122
\calc@Bdimen=\dimen123
\calc@Askip=\skip66
\calc@Bskip=\skip67
LaTeX Info: Redefining \setlength on input line 80.
LaTeX Info: Redefining \addtolength on input line 81.
\calc@Ccount=\count110
\calc@Cskip=\skip68
)
(/usr/local/texlive/2015/texmf-dist/tex/latex/eso-pic/eso-pic.sty
Package: eso-pic 2015/04/20 v2.0e eso-pic (RN)

(/usr/local/texlive/2015/texmf-dist/tex/generic/oberdiek/atbegshi.sty
Package: atbegshi 2011/10/05 v1.16 At begin shipout hook (HO)

(/usr/local/texlive/2015/texmf-dist/tex/generic/oberdiek/ifpdf.sty
Package: ifpdf 2011/01/30 v2.3 Provides the ifpdf switch (HO)
Package ifpdf Info: pdfTeX in PDF mode is detected.
))
(/usr/local/texlive/2015/texmf-dist/tex/latex/xcolor/xcolor.sty
Package: xcolor 2007/01/21 v2.11 LaTeX color extensions (UK)

(/usr/local/texlive/2015/texmf-dist/tex/latex/latexconfig/color.cfg
File: color.cfg 2007/01/18 v1.5 color configuration of teTeX/TeXLive
)
Package xcolor Info: Driver file: pdftex.def on input line 225.
Package xcolor Info: Model `cmy' substituted by `cmy0' on input line 1337.
Package xcolor Info: Model `hsb' substituted by `rgb' on input line 1341.
Package xcolor Info: Model `RGB' extended on input line 1353.
Package xcolor Info: Model `HTML' substituted by `rgb' on input line 1355.
Package xcolor Info: Model `Hsb' substituted by `hsb' on input line 1356.
Package xcolor Info: Model `tHsb' substituted by `hsb' on input line 1357.
Package xcolor Info: Model `HSB' substituted by `hsb' on input line 1358.
Package xcolor Info: Model `Gray' substituted by `gray' on input line 1359.
Package xcolor Info: Model `wave' substituted by `hsb' on input line 1360.
))
\AM@pagewidth=\dimen124
\AM@pageheight=\dimen125

(/usr/local/texlive/2015/texmf-dist/tex/latex/pdfpages/pppdftex.def
File: pppdftex.def 2015/05/11 v0.4x Pdfpages driver for pdfTeX (AM)
)
\AM@pagebox=\box30
\AM@toc@title=\toks27
\c@AM@survey=\count111
\AM@templatesizebox=\box31
)
(./main.aux)
\openout1 = `main.aux'.

LaTeX Font Info:    Checking defaults for OML/cmm/m/it on input line 30.
LaTeX Font Info:    ... okay on input line 30.
LaTeX Font Info:    Checking defaults for T1/cmr/m/n on input line 30.
LaTeX Font Info:    ... okay on input line 30.
LaTeX Font Info:    Checking defaults for OT1/cmr/m/n on input line 30.
LaTeX Font Info:    ... okay on input line 30.
LaTeX Font Info:    Checking defaults for OMS/cmsy/m/n on input line 30.
LaTeX Font Info:    ... okay on input line 30.
LaTeX Font Info:    Checking defaults for OMX/cmex/m/n on input line 30.
LaTeX Font Info:    ... okay on input line 30.
LaTeX Font Info:    Checking defaults for U/cmr/m/n on input line 30.
LaTeX Font Info:    ... okay on input line 30.
 (/usr/local/texlive/2015/texmf-dist/tex/context/base/supp-pdf.mkii
[Loading MPS to PDF converter (version 2006.09.02).]
\scratchcounter=\count112
\scratchdimen=\dimen126
\scratchbox=\box32
\nofMPsegments=\count113
\nofMParguments=\count114
\everyMPshowfont=\toks28
\MPscratchCnt=\count115
\MPscratchDim=\dimen127
\MPnumerator=\count116
\makeMPintoPDFobject=\count117
\everyMPtoPDFconversion=\toks29
) (/usr/local/texlive/2015/texmf-dist/tex/generic/oberdiek/pdftexcmds.sty
Package: pdftexcmds 2011/11/29 v0.20 Utility functions of pdfTeX for LuaTeX (HO
)

(/usr/local/texlive/2015/texmf-dist/tex/generic/oberdiek/ifluatex.sty
Package: ifluatex 2010/03/01 v1.3 Provides the ifluatex switch (HO)
Package ifluatex Info: LuaTeX not detected.
)
Package pdftexcmds Info: LuaTeX not detected.
Package pdftexcmds Info: \pdf@primitive is available.
Package pdftexcmds Info: \pdf@ifprimitive is available.
Package pdftexcmds Info: \pdfdraftmode found.
)
(/usr/local/texlive/2015/texmf-dist/tex/latex/oberdiek/epstopdf-base.sty
Package: epstopdf-base 2010/02/09 v2.5 Base part for package epstopdf

(/usr/local/texlive/2015/texmf-dist/tex/latex/oberdiek/grfext.sty
Package: grfext 2010/08/19 v1.1 Manage graphics extensions (HO)

(/usr/local/texlive/2015/texmf-dist/tex/generic/oberdiek/kvdefinekeys.sty
Package: kvdefinekeys 2011/04/07 v1.3 Define keys (HO)
))
(/usr/local/texlive/2015/texmf-dist/tex/latex/oberdiek/kvoptions.sty
Package: kvoptions 2011/06/30 v3.11 Key value format for package options (HO)

(/usr/local/texlive/2015/texmf-dist/tex/generic/oberdiek/kvsetkeys.sty
Package: kvsetkeys 2012/04/25 v1.16 Key value parser (HO)

(/usr/local/texlive/2015/texmf-dist/tex/generic/oberdiek/etexcmds.sty
Package: etexcmds 2011/02/16 v1.5 Avoid name clashes with e-TeX commands (HO)
Package etexcmds Info: Could not find \expanded.
(etexcmds)             That can mean that you are not using pdfTeX 1.50 or
(etexcmds)             that some package has redefined \expanded.
(etexcmds)             In the latter case, load this package earlier.
)))
Package grfext Info: Graphics extension search list:
(grfext)             [.png,.pdf,.jpg,.mps,.jpeg,.jbig2,.jb2,.PNG,.PDF,.JPG,.JPE
G,.JBIG2,.JB2,.eps]
(grfext)             \AppendGraphicsExtensions on input line 452.

(/usr/local/texlive/2015/texmf-dist/tex/latex/latexconfig/epstopdf-sys.cfg
File: epstopdf-sys.cfg 2010/07/13 v1.3 Configuration of (r)epstopdf for TeX Liv
e
))
Package ragged2e Info: ABD: executing \RaggedRight on input line 30.

ABD: EverySelectfont initializing macros
LaTeX Info: Redefining \selectfont on input line 30.
Package caption Info: Begin \AtBeginDocument code.
Package caption Info: End \AtBeginDocument code.
\AtBeginShipoutBox=\box33
LaTeX Font Info:    Try loading font information for U+rsfs on input line 63.

(/usr/local/texlive/2015/texmf-dist/tex/latex/jknapltx/ursfs.fd
File: ursfs.fd 1998/03/24 rsfs font definition file (jk)
)
<blockdiagram.png, id=1, 634.37pt x 72.27pt>
File: blockdiagram.png Graphic file (type png)
 <use blockdiagram.png>
Package pdftex.def Info: blockdiagram.png used on input line 67.
(pdftex.def)             Requested size: 328.82707pt x 37.4626pt.
 [1

{/usr/local/texlive/2015/texmf-var/fonts/map/pdftex/updmap/pdftex.map} <./block
diagram.png>]
Overfull \hbox (107.71814pt too wide) in paragraph at lines 101--112
 [][] 
 []

[1

] [2

] <Lab_1.pdf, id=23, 614.295pt x 794.97pt>
File: Lab_1.pdf Graphic file (type pdf)
 <use Lab_1.pdf>
Package pdftex.def Info: Lab_1.pdf used on input line 136.
(pdftex.def)             Requested size: 614.29349pt x 794.96806pt.
File: Lab_1.pdf Graphic file (type pdf)

<use Lab_1.pdf>
Package pdftex.def Info: Lab_1.pdf used on input line 136.
(pdftex.def)             Requested size: 614.29349pt x 794.96806pt.
 <Lab_1.pdf, id=26, page=1, 614.295pt x 794.97pt>
File: Lab_1.pdf Graphic file (type pdf)

<use Lab_1.pdf, page 1>
Package pdftex.def Info: Lab_1.pdf, page1 used on input line 136.
(pdftex.def)             Requested size: 614.29349pt x 794.96806pt.
File: Lab_1.pdf Graphic file (type pdf)
 <use Lab_1.pdf, page 1>
Package pdftex.def Info: Lab_1.pdf, page1 used on input line 136.
(pdftex.def)             Requested size: 614.58406pt x 795.3441pt.
File: Lab_1.pdf Graphic file (type pdf)
 <use Lab_1.pdf, page 1>
Package pdftex.def Info: Lab_1.pdf, page1 used on input line 136.
(pdftex.def)             Requested size: 614.58406pt x 795.3441pt.
File: Lab_1.pdf Graphic file (type pdf)

<use Lab_1.pdf, page 1>
Package pdftex.def Info: Lab_1.pdf, page1 used on input line 136.
(pdftex.def)             Requested size: 614.58406pt x 795.3441pt.
 [3] <Lab_1.pdf, id=30, page=2, 614.295pt x 794.97pt>
File: Lab_1.pdf Graphic file (type pdf)

<use Lab_1.pdf, page 2>
Package pdftex.def Info: Lab_1.pdf, page2 used on input line 136.
(pdftex.def)             Requested size: 614.58406pt x 795.3441pt.
File: Lab_1.pdf Graphic file (type pdf)
 <use Lab_1.pdf, page 2>
Package pdftex.def Info: Lab_1.pdf, page2 used on input line 136.
(pdftex.def)             Requested size: 614.58406pt x 795.3441pt.
File: Lab_1.pdf Graphic file (type pdf)
 <use Lab_1.pdf, page 1>
Package pdftex.def Info: Lab_1.pdf, page1 used on input line 136.
(pdftex.def)             Requested size: 614.58406pt x 795.3441pt.

[4 <./Lab_1.pdf>] <Lab_1.pdf, id=66, page=3, 614.295pt x 794.97pt>
File: Lab_1.pdf Graphic file (type pdf)

<use Lab_1.pdf, page 3>
Package pdftex.def Info: Lab_1.pdf, page3 used on input line 136.
(pdftex.def)             Requested size: 614.58406pt x 795.3441pt.
File: Lab_1.pdf Graphic file (type pdf)
 <use Lab_1.pdf, page 3>
Package pdftex.def Info: Lab_1.pdf, page3 used on input line 136.
(pdftex.def)             Requested size: 614.58406pt x 795.3441pt.
File: Lab_1.pdf Graphic file (type pdf)
 <use Lab_1.pdf, page 2>
Package pdftex.def Info: Lab_1.pdf, page2 used on input line 136.
(pdftex.def)             Requested size: 614.58406pt x 795.3441pt.

[5 <./Lab_1.pdf>] <Lab_1.pdf, id=75, page=4, 614.295pt x 794.97pt>
File: Lab_1.pdf Graphic file (type pdf)

<use Lab_1.pdf, page 4>
Package pdftex.def Info: Lab_1.pdf, page4 used on input line 136.
(pdftex.def)             Requested size: 614.58406pt x 795.3441pt.
File: Lab_1.pdf Graphic file (type pdf)
 <use Lab_1.pdf, page 4>
Package pdftex.def Info: Lab_1.pdf, page4 used on input line 136.
(pdftex.def)             Requested size: 614.58406pt x 795.3441pt.
File: Lab_1.pdf Graphic file (type pdf)
 <use Lab_1.pdf, page 3>
Package pdftex.def Info: Lab_1.pdf, page3 used on input line 136.
(pdftex.def)             Requested size: 614.58406pt x 795.3441pt.

[6 <./Lab_1.pdf>] <Lab_1.pdf, id=80, page=5, 614.295pt x 794.97pt>
File: Lab_1.pdf Graphic file (type pdf)

<use Lab_1.pdf, page 5>
Package pdftex.def Info: Lab_1.pdf, page5 used on input line 136.
(pdftex.def)             Requested size: 614.58406pt x 795.3441pt.
File: Lab_1.pdf Graphic file (type pdf)
 <use Lab_1.pdf, page 5>
Package pdftex.def Info: Lab_1.pdf, page5 used on input line 136.
(pdftex.def)             Requested size: 614.58406pt x 795.3441pt.
File: Lab_1.pdf Graphic file (type pdf)
 <use Lab_1.pdf, page 4>
Package pdftex.def Info: Lab_1.pdf, page4 used on input line 136.
(pdftex.def)             Requested size: 614.58406pt x 795.3441pt.

[7 <./Lab_1.pdf>] <Lab_1.pdf, id=88, page=6, 614.295pt x 794.97pt>
File: Lab_1.pdf Graphic file (type pdf)

<use Lab_1.pdf, page 6>
Package pdftex.def Info: Lab_1.pdf, page6 used on input line 136.
(pdftex.def)             Requested size: 614.58406pt x 795.3441pt.
File: Lab_1.pdf Graphic file (type pdf)
 <use Lab_1.pdf, page 6>
Package pdftex.def Info: Lab_1.pdf, page6 used on input line 136.
(pdftex.def)             Requested size: 614.58406pt x 795.3441pt.
File: Lab_1.pdf Graphic file (type pdf)
 <use Lab_1.pdf, page 5>
Package pdftex.def Info: Lab_1.pdf, page5 used on input line 136.
(pdftex.def)             Requested size: 614.58406pt x 795.3441pt.

[8 <./Lab_1.pdf>] <Lab_1.pdf, id=100, page=7, 614.295pt x 794.97pt>
File: Lab_1.pdf Graphic file (type pdf)

<use Lab_1.pdf, page 7>
Package pdftex.def Info: Lab_1.pdf, page7 used on input line 136.
(pdftex.def)             Requested size: 614.58406pt x 795.3441pt.
File: Lab_1.pdf Graphic file (type pdf)
 <use Lab_1.pdf, page 7>
Package pdftex.def Info: Lab_1.pdf, page7 used on input line 136.
(pdftex.def)             Requested size: 614.58406pt x 795.3441pt.
File: Lab_1.pdf Graphic file (type pdf)
 <use Lab_1.pdf, page 6>
Package pdftex.def Info: Lab_1.pdf, page6 used on input line 136.
(pdftex.def)             Requested size: 614.58406pt x 795.3441pt.

[9 <./Lab_1.pdf>] <Lab_1.pdf, id=109, page=8, 614.295pt x 794.97pt>
File: Lab_1.pdf Graphic file (type pdf)

<use Lab_1.pdf, page 8>
Package pdftex.def Info: Lab_1.pdf, page8 used on input line 136.
(pdftex.def)             Requested size: 614.58406pt x 795.3441pt.
File: Lab_1.pdf Graphic file (type pdf)
 <use Lab_1.pdf, page 8>
Package pdftex.def Info: Lab_1.pdf, page8 used on input line 136.
(pdftex.def)             Requested size: 614.58406pt x 795.3441pt.
File: Lab_1.pdf Graphic file (type pdf)
 <use Lab_1.pdf, page 7>
Package pdftex.def Info: Lab_1.pdf, page7 used on input line 136.
(pdftex.def)             Requested size: 614.58406pt x 795.3441pt.

[10 <./Lab_1.pdf>] <Lab_1.pdf, id=141, page=9, 614.295pt x 794.97pt>
File: Lab_1.pdf Graphic file (type pdf)

<use Lab_1.pdf, page 9>
Package pdftex.def Info: Lab_1.pdf, page9 used on input line 136.
(pdftex.def)             Requested size: 614.58406pt x 795.3441pt.
File: Lab_1.pdf Graphic file (type pdf)
 <use Lab_1.pdf, page 9>
Package pdftex.def Info: Lab_1.pdf, page9 used on input line 136.
(pdftex.def)             Requested size: 614.58406pt x 795.3441pt.
File: Lab_1.pdf Graphic file (type pdf)
 <use Lab_1.pdf, page 8>
Package pdftex.def Info: Lab_1.pdf, page8 used on input line 136.
(pdftex.def)             Requested size: 614.58406pt x 795.3441pt.

[11 <./Lab_1.pdf>] <Lab_1.pdf, id=153, page=10, 614.295pt x 794.97pt>
File: Lab_1.pdf Graphic file (type pdf)

<use Lab_1.pdf, page 10>
Package pdftex.def Info: Lab_1.pdf, page10 used on input line 136.
(pdftex.def)             Requested size: 614.58406pt x 795.3441pt.
File: Lab_1.pdf Graphic file (type pdf)
 <use Lab_1.pdf, page 10>
Package pdftex.def Info: Lab_1.pdf, page10 used on input line 136.
(pdftex.def)             Requested size: 614.58406pt x 795.3441pt.
File: Lab_1.pdf Graphic file (type pdf)
 <use Lab_1.pdf, page 9>
Package pdftex.def Info: Lab_1.pdf, page9 used on input line 136.
(pdftex.def)             Requested size: 614.58406pt x 795.3441pt.

[12 <./Lab_1.pdf>] <Lab_1.pdf, id=159, page=11, 614.295pt x 794.97pt>
File: Lab_1.pdf Graphic file (type pdf)

<use Lab_1.pdf, page 11>
Package pdftex.def Info: Lab_1.pdf, page11 used on input line 136.
(pdftex.def)             Requested size: 614.58406pt x 795.3441pt.
File: Lab_1.pdf Graphic file (type pdf)
 <use Lab_1.pdf, page 11>
Package pdftex.def Info: Lab_1.pdf, page11 used on input line 136.
(pdftex.def)             Requested size: 614.58406pt x 795.3441pt.
File: Lab_1.pdf Graphic file (type pdf)
 <use Lab_1.pdf, page 10>
Package pdftex.def Info: Lab_1.pdf, page10 used on input line 136.
(pdftex.def)             Requested size: 614.58406pt x 795.3441pt.

[13 <./Lab_1.pdf>] <Lab_1.pdf, id=171, page=12, 614.295pt x 794.97pt>
File: Lab_1.pdf Graphic file (type pdf)

<use Lab_1.pdf, page 12>
Package pdftex.def Info: Lab_1.pdf, page12 used on input line 136.
(pdftex.def)             Requested size: 614.58406pt x 795.3441pt.
File: Lab_1.pdf Graphic file (type pdf)
 <use Lab_1.pdf, page 12>
Package pdftex.def Info: Lab_1.pdf, page12 used on input line 136.
(pdftex.def)             Requested size: 614.58406pt x 795.3441pt.
File: Lab_1.pdf Graphic file (type pdf)
 <use Lab_1.pdf, page 11>
Package pdftex.def Info: Lab_1.pdf, page11 used on input line 136.
(pdftex.def)             Requested size: 614.58406pt x 795.3441pt.

[14 <./Lab_1.pdf>] <Lab_1.pdf, id=176, page=13, 614.295pt x 794.97pt>
File: Lab_1.pdf Graphic file (type pdf)

<use Lab_1.pdf, page 13>
Package pdftex.def Info: Lab_1.pdf, page13 used on input line 136.
(pdftex.def)             Requested size: 614.58406pt x 795.3441pt.
File: Lab_1.pdf Graphic file (type pdf)
 <use Lab_1.pdf, page 13>
Package pdftex.def Info: Lab_1.pdf, page13 used on input line 136.
(pdftex.def)             Requested size: 614.58406pt x 795.3441pt.
File: Lab_1.pdf Graphic file (type pdf)
 <use Lab_1.pdf, page 12>
Package pdftex.def Info: Lab_1.pdf, page12 used on input line 136.
(pdftex.def)             Requested size: 614.58406pt x 795.3441pt.

[15 <./Lab_1.pdf>]
File: Lab_1.pdf Graphic file (type pdf)
 <use Lab_1.pdf, page 13>
Package pdftex.def Info: Lab_1.pdf, page13 used on input line 136.
(pdftex.def)             Requested size: 614.58406pt x 795.3441pt.
 [16 <./Lab_1.pdf>]
<Lab_2.pdf, id=183, 614.295pt x 794.97pt>
File: Lab_2.pdf Graphic file (type pdf)
 <use Lab_2.pdf>
Package pdftex.def Info: Lab_2.pdf used on input line 139.
(pdftex.def)             Requested size: 614.29349pt x 794.96806pt.
File: Lab_2.pdf Graphic file (type pdf)
 <use Lab_2.pdf>
Package pdftex.def Info: Lab_2.pdf used on input line 139.
(pdftex.def)             Requested size: 614.29349pt x 794.96806pt.

<Lab_2.pdf, id=186, page=1, 614.295pt x 794.97pt>
File: Lab_2.pdf Graphic file (type pdf)
 <use Lab_2.pdf, page 1>
Package pdftex.def Info: Lab_2.pdf, page1 used on input line 139.
(pdftex.def)             Requested size: 614.29349pt x 794.96806pt.
File: Lab_2.pdf Graphic file (type pdf)

<use Lab_2.pdf, page 1>
Package pdftex.def Info: Lab_2.pdf, page1 used on input line 139.
(pdftex.def)             Requested size: 614.58406pt x 795.3441pt.
File: Lab_2.pdf Graphic file (type pdf)
 <use Lab_2.pdf, page 1>
Package pdftex.def Info: Lab_2.pdf, page1 used on input line 139.
(pdftex.def)             Requested size: 614.58406pt x 795.3441pt.
File: Lab_2.pdf Graphic file (type pdf)
 <use Lab_2.pdf, page 1>
Package pdftex.def Info: Lab_2.pdf, page1 used on input line 139.
(pdftex.def)             Requested size: 614.58406pt x 795.3441pt.

[17] <Lab_2.pdf, id=190, page=2, 614.295pt x 794.97pt>
File: Lab_2.pdf Graphic file (type pdf)
 <use Lab_2.pdf, page 2>
Package pdftex.def Info: Lab_2.pdf, page2 used on input line 139.
(pdftex.def)             Requested size: 614.58406pt x 795.3441pt.
File: Lab_2.pdf Graphic file (type pdf)

<use Lab_2.pdf, page 2>
Package pdftex.def Info: Lab_2.pdf, page2 used on input line 139.
(pdftex.def)             Requested size: 614.58406pt x 795.3441pt.
File: Lab_2.pdf Graphic file (type pdf)
 <use Lab_2.pdf, page 1>
Package pdftex.def Info: Lab_2.pdf, page1 used on input line 139.
(pdftex.def)             Requested size: 614.58406pt x 795.3441pt.
 [18 <./Lab_2.pdf>]
<Lab_2.pdf, id=215, page=3, 614.295pt x 794.97pt>
File: Lab_2.pdf Graphic file (type pdf)
 <use Lab_2.pdf, page 3>
Package pdftex.def Info: Lab_2.pdf, page3 used on input line 139.
(pdftex.def)             Requested size: 614.58406pt x 795.3441pt.
File: Lab_2.pdf Graphic file (type pdf)

<use Lab_2.pdf, page 3>
Package pdftex.def Info: Lab_2.pdf, page3 used on input line 139.
(pdftex.def)             Requested size: 614.58406pt x 795.3441pt.
File: Lab_2.pdf Graphic file (type pdf)
 <use Lab_2.pdf, page 2>
Package pdftex.def Info: Lab_2.pdf, page2 used on input line 139.
(pdftex.def)             Requested size: 614.58406pt x 795.3441pt.
 [19 <./Lab_2.pdf>]
<Lab_2.pdf, id=222, page=4, 614.295pt x 794.97pt>
File: Lab_2.pdf Graphic file (type pdf)
 <use Lab_2.pdf, page 4>
Package pdftex.def Info: Lab_2.pdf, page4 used on input line 139.
(pdftex.def)             Requested size: 614.58406pt x 795.3441pt.
File: Lab_2.pdf Graphic file (type pdf)

<use Lab_2.pdf, page 4>
Package pdftex.def Info: Lab_2.pdf, page4 used on input line 139.
(pdftex.def)             Requested size: 614.58406pt x 795.3441pt.
File: Lab_2.pdf Graphic file (type pdf)
 <use Lab_2.pdf, page 3>
Package pdftex.def Info: Lab_2.pdf, page3 used on input line 139.
(pdftex.def)             Requested size: 614.58406pt x 795.3441pt.
 [20 <./Lab_2.pdf>]
<Lab_2.pdf, id=226, page=5, 614.295pt x 794.97pt>
File: Lab_2.pdf Graphic file (type pdf)
 <use Lab_2.pdf, page 5>
Package pdftex.def Info: Lab_2.pdf, page5 used on input line 139.
(pdftex.def)             Requested size: 614.58406pt x 795.3441pt.
File: Lab_2.pdf Graphic file (type pdf)

<use Lab_2.pdf, page 5>
Package pdftex.def Info: Lab_2.pdf, page5 used on input line 139.
(pdftex.def)             Requested size: 614.58406pt x 795.3441pt.
File: Lab_2.pdf Graphic file (type pdf)
 <use Lab_2.pdf, page 4>
Package pdftex.def Info: Lab_2.pdf, page4 used on input line 139.
(pdftex.def)             Requested size: 614.58406pt x 795.3441pt.
 [21 <./Lab_2.pdf>]
<Lab_2.pdf, id=235, page=6, 614.295pt x 794.97pt>
File: Lab_2.pdf Graphic file (type pdf)
 <use Lab_2.pdf, page 6>
Package pdftex.def Info: Lab_2.pdf, page6 used on input line 139.
(pdftex.def)             Requested size: 614.58406pt x 795.3441pt.
File: Lab_2.pdf Graphic file (type pdf)

<use Lab_2.pdf, page 6>
Package pdftex.def Info: Lab_2.pdf, page6 used on input line 139.
(pdftex.def)             Requested size: 614.58406pt x 795.3441pt.
File: Lab_2.pdf Graphic file (type pdf)
 <use Lab_2.pdf, page 5>
Package pdftex.def Info: Lab_2.pdf, page5 used on input line 139.
(pdftex.def)             Requested size: 614.58406pt x 795.3441pt.
 [22 <./Lab_2.pdf>]
<Lab_2.pdf, id=248, page=7, 614.295pt x 794.97pt>
File: Lab_2.pdf Graphic file (type pdf)
 <use Lab_2.pdf, page 7>
Package pdftex.def Info: Lab_2.pdf, page7 used on input line 139.
(pdftex.def)             Requested size: 614.58406pt x 795.3441pt.
File: Lab_2.pdf Graphic file (type pdf)

<use Lab_2.pdf, page 7>
Package pdftex.def Info: Lab_2.pdf, page7 used on input line 139.
(pdftex.def)             Requested size: 614.58406pt x 795.3441pt.
File: Lab_2.pdf Graphic file (type pdf)
 <use Lab_2.pdf, page 6>
Package pdftex.def Info: Lab_2.pdf, page6 used on input line 139.
(pdftex.def)             Requested size: 614.58406pt x 795.3441pt.
 [23 <./Lab_2.pdf>]
<Lab_2.pdf, id=265, page=8, 614.295pt x 794.97pt>
File: Lab_2.pdf Graphic file (type pdf)
 <use Lab_2.pdf, page 8>
Package pdftex.def Info: Lab_2.pdf, page8 used on input line 139.
(pdftex.def)             Requested size: 614.58406pt x 795.3441pt.
File: Lab_2.pdf Graphic file (type pdf)

<use Lab_2.pdf, page 8>
Package pdftex.def Info: Lab_2.pdf, page8 used on input line 139.
(pdftex.def)             Requested size: 614.58406pt x 795.3441pt.
File: Lab_2.pdf Graphic file (type pdf)
 <use Lab_2.pdf, page 7>
Package pdftex.def Info: Lab_2.pdf, page7 used on input line 139.
(pdftex.def)             Requested size: 614.58406pt x 795.3441pt.
 [24 <./Lab_2.pdf>]
<Lab_2.pdf, id=276, page=9, 614.295pt x 794.97pt>
File: Lab_2.pdf Graphic file (type pdf)
 <use Lab_2.pdf, page 9>
Package pdftex.def Info: Lab_2.pdf, page9 used on input line 139.
(pdftex.def)             Requested size: 614.58406pt x 795.3441pt.
File: Lab_2.pdf Graphic file (type pdf)

<use Lab_2.pdf, page 9>
Package pdftex.def Info: Lab_2.pdf, page9 used on input line 139.
(pdftex.def)             Requested size: 614.58406pt x 795.3441pt.
File: Lab_2.pdf Graphic file (type pdf)
 <use Lab_2.pdf, page 8>
Package pdftex.def Info: Lab_2.pdf, page8 used on input line 139.
(pdftex.def)             Requested size: 614.58406pt x 795.3441pt.
 [25 <./Lab_2.pdf>]
<Lab_2.pdf, id=281, page=10, 614.295pt x 794.97pt>
File: Lab_2.pdf Graphic file (type pdf)
 <use Lab_2.pdf, page 10>
Package pdftex.def Info: Lab_2.pdf, page10 used on input line 139.
(pdftex.def)             Requested size: 614.58406pt x 795.3441pt.
File: Lab_2.pdf Graphic file (type pdf)

<use Lab_2.pdf, page 10>
Package pdftex.def Info: Lab_2.pdf, page10 used on input line 139.
(pdftex.def)             Requested size: 614.58406pt x 795.3441pt.
File: Lab_2.pdf Graphic file (type pdf)
 <use Lab_2.pdf, page 9>
Package pdftex.def Info: Lab_2.pdf, page9 used on input line 139.
(pdftex.def)             Requested size: 614.58406pt x 795.3441pt.
 [26 <./Lab_2.pdf>]
<Lab_2.pdf, id=286, page=11, 614.295pt x 794.97pt>
File: Lab_2.pdf Graphic file (type pdf)
 <use Lab_2.pdf, page 11>
Package pdftex.def Info: Lab_2.pdf, page11 used on input line 139.
(pdftex.def)             Requested size: 614.58406pt x 795.3441pt.
File: Lab_2.pdf Graphic file (type pdf)

<use Lab_2.pdf, page 11>
Package pdftex.def Info: Lab_2.pdf, page11 used on input line 139.
(pdftex.def)             Requested size: 614.58406pt x 795.3441pt.
File: Lab_2.pdf Graphic file (type pdf)
 <use Lab_2.pdf, page 10>
Package pdftex.def Info: Lab_2.pdf, page10 used on input line 139.
(pdftex.def)             Requested size: 614.58406pt x 795.3441pt.
 [27 <./Lab_2.pdf>]
<Lab_2.pdf, id=293, page=12, 614.295pt x 794.97pt>
File: Lab_2.pdf Graphic file (type pdf)
 <use Lab_2.pdf, page 12>
Package pdftex.def Info: Lab_2.pdf, page12 used on input line 139.
(pdftex.def)             Requested size: 614.58406pt x 795.3441pt.
File: Lab_2.pdf Graphic file (type pdf)

<use Lab_2.pdf, page 12>
Package pdftex.def Info: Lab_2.pdf, page12 used on input line 139.
(pdftex.def)             Requested size: 614.58406pt x 795.3441pt.
File: Lab_2.pdf Graphic file (type pdf)
 <use Lab_2.pdf, page 11>
Package pdftex.def Info: Lab_2.pdf, page11 used on input line 139.
(pdftex.def)             Requested size: 614.58406pt x 795.3441pt.
 [28 <./Lab_2.pdf>]
<Lab_2.pdf, id=299, page=13, 614.295pt x 794.97pt>
File: Lab_2.pdf Graphic file (type pdf)
 <use Lab_2.pdf, page 13>
Package pdftex.def Info: Lab_2.pdf, page13 used on input line 139.
(pdftex.def)             Requested size: 614.58406pt x 795.3441pt.
File: Lab_2.pdf Graphic file (type pdf)

<use Lab_2.pdf, page 13>
Package pdftex.def Info: Lab_2.pdf, page13 used on input line 139.
(pdftex.def)             Requested size: 614.58406pt x 795.3441pt.
File: Lab_2.pdf Graphic file (type pdf)
 <use Lab_2.pdf, page 12>
Package pdftex.def Info: Lab_2.pdf, page12 used on input line 139.
(pdftex.def)             Requested size: 614.58406pt x 795.3441pt.
 [29 <./Lab_2.pdf>]
<Lab_2.pdf, id=304, page=14, 614.295pt x 794.97pt>
File: Lab_2.pdf Graphic file (type pdf)
 <use Lab_2.pdf, page 14>
Package pdftex.def Info: Lab_2.pdf, page14 used on input line 139.
(pdftex.def)             Requested size: 614.58406pt x 795.3441pt.
File: Lab_2.pdf Graphic file (type pdf)

<use Lab_2.pdf, page 14>
Package pdftex.def Info: Lab_2.pdf, page14 used on input line 139.
(pdftex.def)             Requested size: 614.58406pt x 795.3441pt.
File: Lab_2.pdf Graphic file (type pdf)
 <use Lab_2.pdf, page 13>
Package pdftex.def Info: Lab_2.pdf, page13 used on input line 139.
(pdftex.def)             Requested size: 614.58406pt x 795.3441pt.
 [30 <./Lab_2.pdf>]
<Lab_2.pdf, id=309, page=15, 614.295pt x 794.97pt>
File: Lab_2.pdf Graphic file (type pdf)
 <use Lab_2.pdf, page 15>
Package pdftex.def Info: Lab_2.pdf, page15 used on input line 139.
(pdftex.def)             Requested size: 614.58406pt x 795.3441pt.
File: Lab_2.pdf Graphic file (type pdf)

<use Lab_2.pdf, page 15>
Package pdftex.def Info: Lab_2.pdf, page15 used on input line 139.
(pdftex.def)             Requested size: 614.58406pt x 795.3441pt.
File: Lab_2.pdf Graphic file (type pdf)
 <use Lab_2.pdf, page 14>
Package pdftex.def Info: Lab_2.pdf, page14 used on input line 139.
(pdftex.def)             Requested size: 614.58406pt x 795.3441pt.
 [31 <./Lab_2.pdf>]
File: Lab_2.pdf Graphic file (type pdf)

<use Lab_2.pdf, page 15>
Package pdftex.def Info: Lab_2.pdf, page15 used on input line 139.
(pdftex.def)             Requested size: 614.58406pt x 795.3441pt.
 [32 <./Lab_2.pdf>]
<Lab_3.pdf, id=316, 614.295pt x 794.97pt>
File: Lab_3.pdf Graphic file (type pdf)
 <use Lab_3.pdf>
Package pdftex.def Info: Lab_3.pdf used on input line 142.
(pdftex.def)             Requested size: 614.29349pt x 794.96806pt.
File: Lab_3.pdf Graphic file (type pdf)
 <use Lab_3.pdf>
Package pdftex.def Info: Lab_3.pdf used on input line 142.
(pdftex.def)             Requested size: 614.29349pt x 794.96806pt.

<Lab_3.pdf, id=319, page=1, 614.295pt x 794.97pt>
File: Lab_3.pdf Graphic file (type pdf)
 <use Lab_3.pdf, page 1>
Package pdftex.def Info: Lab_3.pdf, page1 used on input line 142.
(pdftex.def)             Requested size: 614.29349pt x 794.96806pt.
File: Lab_3.pdf Graphic file (type pdf)

<use Lab_3.pdf, page 1>
Package pdftex.def Info: Lab_3.pdf, page1 used on input line 142.
(pdftex.def)             Requested size: 614.58406pt x 795.3441pt.
File: Lab_3.pdf Graphic file (type pdf)
 <use Lab_3.pdf, page 1>
Package pdftex.def Info: Lab_3.pdf, page1 used on input line 142.
(pdftex.def)             Requested size: 614.58406pt x 795.3441pt.
File: Lab_3.pdf Graphic file (type pdf)
 <use Lab_3.pdf, page 1>
Package pdftex.def Info: Lab_3.pdf, page1 used on input line 142.
(pdftex.def)             Requested size: 614.58406pt x 795.3441pt.

[33] <Lab_3.pdf, id=323, page=2, 614.295pt x 794.97pt>
File: Lab_3.pdf Graphic file (type pdf)
 <use Lab_3.pdf, page 2>
Package pdftex.def Info: Lab_3.pdf, page2 used on input line 142.
(pdftex.def)             Requested size: 614.58406pt x 795.3441pt.
File: Lab_3.pdf Graphic file (type pdf)

<use Lab_3.pdf, page 2>
Package pdftex.def Info: Lab_3.pdf, page2 used on input line 142.
(pdftex.def)             Requested size: 614.58406pt x 795.3441pt.
File: Lab_3.pdf Graphic file (type pdf)
 <use Lab_3.pdf, page 1>
Package pdftex.def Info: Lab_3.pdf, page1 used on input line 142.
(pdftex.def)             Requested size: 614.58406pt x 795.3441pt.
 [34 <./Lab_3.pdf>]
<Lab_3.pdf, id=346, page=3, 614.295pt x 794.97pt>
File: Lab_3.pdf Graphic file (type pdf)
 <use Lab_3.pdf, page 3>
Package pdftex.def Info: Lab_3.pdf, page3 used on input line 142.
(pdftex.def)             Requested size: 614.58406pt x 795.3441pt.
File: Lab_3.pdf Graphic file (type pdf)

<use Lab_3.pdf, page 3>
Package pdftex.def Info: Lab_3.pdf, page3 used on input line 142.
(pdftex.def)             Requested size: 614.58406pt x 795.3441pt.
File: Lab_3.pdf Graphic file (type pdf)
 <use Lab_3.pdf, page 2>
Package pdftex.def Info: Lab_3.pdf, page2 used on input line 142.
(pdftex.def)             Requested size: 614.58406pt x 795.3441pt.
 [35 <./Lab_3.pdf>]
<Lab_3.pdf, id=353, page=4, 614.295pt x 794.97pt>
File: Lab_3.pdf Graphic file (type pdf)
 <use Lab_3.pdf, page 4>
Package pdftex.def Info: Lab_3.pdf, page4 used on input line 142.
(pdftex.def)             Requested size: 614.58406pt x 795.3441pt.
File: Lab_3.pdf Graphic file (type pdf)

<use Lab_3.pdf, page 4>
Package pdftex.def Info: Lab_3.pdf, page4 used on input line 142.
(pdftex.def)             Requested size: 614.58406pt x 795.3441pt.
File: Lab_3.pdf Graphic file (type pdf)
 <use Lab_3.pdf, page 3>
Package pdftex.def Info: Lab_3.pdf, page3 used on input line 142.
(pdftex.def)             Requested size: 614.58406pt x 795.3441pt.
 [36 <./Lab_3.pdf>]
<Lab_3.pdf, id=358, page=5, 614.295pt x 794.97pt>
File: Lab_3.pdf Graphic file (type pdf)
 <use Lab_3.pdf, page 5>
Package pdftex.def Info: Lab_3.pdf, page5 used on input line 142.
(pdftex.def)             Requested size: 614.58406pt x 795.3441pt.
File: Lab_3.pdf Graphic file (type pdf)

<use Lab_3.pdf, page 5>
Package pdftex.def Info: Lab_3.pdf, page5 used on input line 142.
(pdftex.def)             Requested size: 614.58406pt x 795.3441pt.
File: Lab_3.pdf Graphic file (type pdf)
 <use Lab_3.pdf, page 4>
Package pdftex.def Info: Lab_3.pdf, page4 used on input line 142.
(pdftex.def)             Requested size: 614.58406pt x 795.3441pt.
 [37 <./Lab_3.pdf>]
<Lab_3.pdf, id=362, page=6, 614.295pt x 794.97pt>
File: Lab_3.pdf Graphic file (type pdf)
 <use Lab_3.pdf, page 6>
Package pdftex.def Info: Lab_3.pdf, page6 used on input line 142.
(pdftex.def)             Requested size: 614.58406pt x 795.3441pt.
File: Lab_3.pdf Graphic file (type pdf)

<use Lab_3.pdf, page 6>
Package pdftex.def Info: Lab_3.pdf, page6 used on input line 142.
(pdftex.def)             Requested size: 614.58406pt x 795.3441pt.
File: Lab_3.pdf Graphic file (type pdf)
 <use Lab_3.pdf, page 5>
Package pdftex.def Info: Lab_3.pdf, page5 used on input line 142.
(pdftex.def)             Requested size: 614.58406pt x 795.3441pt.
 [38 <./Lab_3.pdf>]
<Lab_3.pdf, id=370, page=7, 614.295pt x 794.97pt>
File: Lab_3.pdf Graphic file (type pdf)
 <use Lab_3.pdf, page 7>
Package pdftex.def Info: Lab_3.pdf, page7 used on input line 142.
(pdftex.def)             Requested size: 614.58406pt x 795.3441pt.
File: Lab_3.pdf Graphic file (type pdf)

<use Lab_3.pdf, page 7>
Package pdftex.def Info: Lab_3.pdf, page7 used on input line 142.
(pdftex.def)             Requested size: 614.58406pt x 795.3441pt.
File: Lab_3.pdf Graphic file (type pdf)
 <use Lab_3.pdf, page 6>
Package pdftex.def Info: Lab_3.pdf, page6 used on input line 142.
(pdftex.def)             Requested size: 614.58406pt x 795.3441pt.
 [39 <./Lab_3.pdf>]
<Lab_3.pdf, id=393, page=8, 614.295pt x 794.97pt>
File: Lab_3.pdf Graphic file (type pdf)
 <use Lab_3.pdf, page 8>
Package pdftex.def Info: Lab_3.pdf, page8 used on input line 142.
(pdftex.def)             Requested size: 614.58406pt x 795.3441pt.
File: Lab_3.pdf Graphic file (type pdf)

<use Lab_3.pdf, page 8>
Package pdftex.def Info: Lab_3.pdf, page8 used on input line 142.
(pdftex.def)             Requested size: 614.58406pt x 795.3441pt.
File: Lab_3.pdf Graphic file (type pdf)
 <use Lab_3.pdf, page 7>
Package pdftex.def Info: Lab_3.pdf, page7 used on input line 142.
(pdftex.def)             Requested size: 614.58406pt x 795.3441pt.
 [40 <./Lab_3.pdf>]
<Lab_3.pdf, id=399, page=9, 614.295pt x 794.97pt>
File: Lab_3.pdf Graphic file (type pdf)
 <use Lab_3.pdf, page 9>
Package pdftex.def Info: Lab_3.pdf, page9 used on input line 142.
(pdftex.def)             Requested size: 614.58406pt x 795.3441pt.
File: Lab_3.pdf Graphic file (type pdf)

<use Lab_3.pdf, page 9>
Package pdftex.def Info: Lab_3.pdf, page9 used on input line 142.
(pdftex.def)             Requested size: 614.58406pt x 795.3441pt.
File: Lab_3.pdf Graphic file (type pdf)
 <use Lab_3.pdf, page 8>
Package pdftex.def Info: Lab_3.pdf, page8 used on input line 142.
(pdftex.def)             Requested size: 614.58406pt x 795.3441pt.
 [41 <./Lab_3.pdf>]
<Lab_3.pdf, id=405, page=10, 614.295pt x 794.97pt>
File: Lab_3.pdf Graphic file (type pdf)
 <use Lab_3.pdf, page 10>
Package pdftex.def Info: Lab_3.pdf, page10 used on input line 142.
(pdftex.def)             Requested size: 614.58406pt x 795.3441pt.
File: Lab_3.pdf Graphic file (type pdf)

<use Lab_3.pdf, page 10>
Package pdftex.def Info: Lab_3.pdf, page10 used on input line 142.
(pdftex.def)             Requested size: 614.58406pt x 795.3441pt.
File: Lab_3.pdf Graphic file (type pdf)
 <use Lab_3.pdf, page 9>
Package pdftex.def Info: Lab_3.pdf, page9 used on input line 142.
(pdftex.def)             Requested size: 614.58406pt x 795.3441pt.
 [42 <./Lab_3.pdf>]
<Lab_3.pdf, id=412, page=11, 614.295pt x 794.97pt>
File: Lab_3.pdf Graphic file (type pdf)
 <use Lab_3.pdf, page 11>
Package pdftex.def Info: Lab_3.pdf, page11 used on input line 142.
(pdftex.def)             Requested size: 614.58406pt x 795.3441pt.
File: Lab_3.pdf Graphic file (type pdf)

<use Lab_3.pdf, page 11>
Package pdftex.def Info: Lab_3.pdf, page11 used on input line 142.
(pdftex.def)             Requested size: 614.58406pt x 795.3441pt.
File: Lab_3.pdf Graphic file (type pdf)
 <use Lab_3.pdf, page 10>
Package pdftex.def Info: Lab_3.pdf, page10 used on input line 142.
(pdftex.def)             Requested size: 614.58406pt x 795.3441pt.
 [43 <./Lab_3.pdf>]
<Lab_3.pdf, id=418, page=12, 614.295pt x 794.97pt>
File: Lab_3.pdf Graphic file (type pdf)
 <use Lab_3.pdf, page 12>
Package pdftex.def Info: Lab_3.pdf, page12 used on input line 142.
(pdftex.def)             Requested size: 614.58406pt x 795.3441pt.
File: Lab_3.pdf Graphic file (type pdf)

<use Lab_3.pdf, page 12>
Package pdftex.def Info: Lab_3.pdf, page12 used on input line 142.
(pdftex.def)             Requested size: 614.58406pt x 795.3441pt.
File: Lab_3.pdf Graphic file (type pdf)
 <use Lab_3.pdf, page 11>
Package pdftex.def Info: Lab_3.pdf, page11 used on input line 142.
(pdftex.def)             Requested size: 614.58406pt x 795.3441pt.
 [44 <./Lab_3.pdf>]
<Lab_3.pdf, id=423, page=13, 614.295pt x 794.97pt>
File: Lab_3.pdf Graphic file (type pdf)
 <use Lab_3.pdf, page 13>
Package pdftex.def Info: Lab_3.pdf, page13 used on input line 142.
(pdftex.def)             Requested size: 614.58406pt x 795.3441pt.
File: Lab_3.pdf Graphic file (type pdf)

<use Lab_3.pdf, page 13>
Package pdftex.def Info: Lab_3.pdf, page13 used on input line 142.
(pdftex.def)             Requested size: 614.58406pt x 795.3441pt.
File: Lab_3.pdf Graphic file (type pdf)
 <use Lab_3.pdf, page 12>
Package pdftex.def Info: Lab_3.pdf, page12 used on input line 142.
(pdftex.def)             Requested size: 614.58406pt x 795.3441pt.
 [45 <./Lab_3.pdf>]
<Lab_3.pdf, id=429, page=14, 614.295pt x 794.97pt>
File: Lab_3.pdf Graphic file (type pdf)
 <use Lab_3.pdf, page 14>
Package pdftex.def Info: Lab_3.pdf, page14 used on input line 142.
(pdftex.def)             Requested size: 614.58406pt x 795.3441pt.
File: Lab_3.pdf Graphic file (type pdf)

<use Lab_3.pdf, page 14>
Package pdftex.def Info: Lab_3.pdf, page14 used on input line 142.
(pdftex.def)             Requested size: 614.58406pt x 795.3441pt.
File: Lab_3.pdf Graphic file (type pdf)
 <use Lab_3.pdf, page 13>
Package pdftex.def Info: Lab_3.pdf, page13 used on input line 142.
(pdftex.def)             Requested size: 614.58406pt x 795.3441pt.
 [46 <./Lab_3.pdf>]
<Lab_3.pdf, id=435, page=15, 614.295pt x 794.97pt>
File: Lab_3.pdf Graphic file (type pdf)
 <use Lab_3.pdf, page 15>
Package pdftex.def Info: Lab_3.pdf, page15 used on input line 142.
(pdftex.def)             Requested size: 614.58406pt x 795.3441pt.
File: Lab_3.pdf Graphic file (type pdf)

<use Lab_3.pdf, page 15>
Package pdftex.def Info: Lab_3.pdf, page15 used on input line 142.
(pdftex.def)             Requested size: 614.58406pt x 795.3441pt.
File: Lab_3.pdf Graphic file (type pdf)
 <use Lab_3.pdf, page 14>
Package pdftex.def Info: Lab_3.pdf, page14 used on input line 142.
(pdftex.def)             Requested size: 614.58406pt x 795.3441pt.
 [47 <./Lab_3.pdf>]
<Lab_3.pdf, id=440, page=16, 614.295pt x 794.97pt>
File: Lab_3.pdf Graphic file (type pdf)
 <use Lab_3.pdf, page 16>
Package pdftex.def Info: Lab_3.pdf, page16 used on input line 142.
(pdftex.def)             Requested size: 614.58406pt x 795.3441pt.
File: Lab_3.pdf Graphic file (type pdf)

<use Lab_3.pdf, page 16>
Package pdftex.def Info: Lab_3.pdf, page16 used on input line 142.
(pdftex.def)             Requested size: 614.58406pt x 795.3441pt.
File: Lab_3.pdf Graphic file (type pdf)
 <use Lab_3.pdf, page 15>
Package pdftex.def Info: Lab_3.pdf, page15 used on input line 142.
(pdftex.def)             Requested size: 614.58406pt x 795.3441pt.
 [48 <./Lab_3.pdf>]
<Lab_3.pdf, id=447, page=17, 614.295pt x 794.97pt>
File: Lab_3.pdf Graphic file (type pdf)
 <use Lab_3.pdf, page 17>
Package pdftex.def Info: Lab_3.pdf, page17 used on input line 142.
(pdftex.def)             Requested size: 614.58406pt x 795.3441pt.
File: Lab_3.pdf Graphic file (type pdf)

<use Lab_3.pdf, page 17>
Package pdftex.def Info: Lab_3.pdf, page17 used on input line 142.
(pdftex.def)             Requested size: 614.58406pt x 795.3441pt.
File: Lab_3.pdf Graphic file (type pdf)
 <use Lab_3.pdf, page 16>
Package pdftex.def Info: Lab_3.pdf, page16 used on input line 142.
(pdftex.def)             Requested size: 614.58406pt x 795.3441pt.
 [49 <./Lab_3.pdf>]
<Lab_3.pdf, id=453, page=18, 614.295pt x 794.97pt>
File: Lab_3.pdf Graphic file (type pdf)
 <use Lab_3.pdf, page 18>
Package pdftex.def Info: Lab_3.pdf, page18 used on input line 142.
(pdftex.def)             Requested size: 614.58406pt x 795.3441pt.
File: Lab_3.pdf Graphic file (type pdf)

<use Lab_3.pdf, page 18>
Package pdftex.def Info: Lab_3.pdf, page18 used on input line 142.
(pdftex.def)             Requested size: 614.58406pt x 795.3441pt.
File: Lab_3.pdf Graphic file (type pdf)
 <use Lab_3.pdf, page 17>
Package pdftex.def Info: Lab_3.pdf, page17 used on input line 142.
(pdftex.def)             Requested size: 614.58406pt x 795.3441pt.
 [50 <./Lab_3.pdf>]
<Lab_3.pdf, id=458, page=19, 614.295pt x 794.97pt>
File: Lab_3.pdf Graphic file (type pdf)
 <use Lab_3.pdf, page 19>
Package pdftex.def Info: Lab_3.pdf, page19 used on input line 142.
(pdftex.def)             Requested size: 614.58406pt x 795.3441pt.
File: Lab_3.pdf Graphic file (type pdf)

<use Lab_3.pdf, page 19>
Package pdftex.def Info: Lab_3.pdf, page19 used on input line 142.
(pdftex.def)             Requested size: 614.58406pt x 795.3441pt.
File: Lab_3.pdf Graphic file (type pdf)
 <use Lab_3.pdf, page 18>
Package pdftex.def Info: Lab_3.pdf, page18 used on input line 142.
(pdftex.def)             Requested size: 614.58406pt x 795.3441pt.
 [51 <./Lab_3.pdf>]
<Lab_3.pdf, id=464, page=20, 614.295pt x 794.97pt>
File: Lab_3.pdf Graphic file (type pdf)
 <use Lab_3.pdf, page 20>
Package pdftex.def Info: Lab_3.pdf, page20 used on input line 142.
(pdftex.def)             Requested size: 614.58406pt x 795.3441pt.
File: Lab_3.pdf Graphic file (type pdf)

<use Lab_3.pdf, page 20>
Package pdftex.def Info: Lab_3.pdf, page20 used on input line 142.
(pdftex.def)             Requested size: 614.58406pt x 795.3441pt.
File: Lab_3.pdf Graphic file (type pdf)
 <use Lab_3.pdf, page 19>
Package pdftex.def Info: Lab_3.pdf, page19 used on input line 142.
(pdftex.def)             Requested size: 614.58406pt x 795.3441pt.
 [52 <./Lab_3.pdf>]
<Lab_3.pdf, id=469, page=21, 614.295pt x 794.97pt>
File: Lab_3.pdf Graphic file (type pdf)
 <use Lab_3.pdf, page 21>
Package pdftex.def Info: Lab_3.pdf, page21 used on input line 142.
(pdftex.def)             Requested size: 614.58406pt x 795.3441pt.
File: Lab_3.pdf Graphic file (type pdf)

<use Lab_3.pdf, page 21>
Package pdftex.def Info: Lab_3.pdf, page21 used on input line 142.
(pdftex.def)             Requested size: 614.58406pt x 795.3441pt.
File: Lab_3.pdf Graphic file (type pdf)
 <use Lab_3.pdf, page 20>
Package pdftex.def Info: Lab_3.pdf, page20 used on input line 142.
(pdftex.def)             Requested size: 614.58406pt x 795.3441pt.
 [53 <./Lab_3.pdf>]
<Lab_3.pdf, id=474, page=22, 614.295pt x 794.97pt>
File: Lab_3.pdf Graphic file (type pdf)
 <use Lab_3.pdf, page 22>
Package pdftex.def Info: Lab_3.pdf, page22 used on input line 142.
(pdftex.def)             Requested size: 614.58406pt x 795.3441pt.
File: Lab_3.pdf Graphic file (type pdf)

<use Lab_3.pdf, page 22>
Package pdftex.def Info: Lab_3.pdf, page22 used on input line 142.
(pdftex.def)             Requested size: 614.58406pt x 795.3441pt.
File: Lab_3.pdf Graphic file (type pdf)
 <use Lab_3.pdf, page 21>
Package pdftex.def Info: Lab_3.pdf, page21 used on input line 142.
(pdftex.def)             Requested size: 614.58406pt x 795.3441pt.
 [54 <./Lab_3.pdf>]
<Lab_3.pdf, id=481, page=23, 614.295pt x 794.97pt>
File: Lab_3.pdf Graphic file (type pdf)
 <use Lab_3.pdf, page 23>
Package pdftex.def Info: Lab_3.pdf, page23 used on input line 142.
(pdftex.def)             Requested size: 614.58406pt x 795.3441pt.
File: Lab_3.pdf Graphic file (type pdf)

<use Lab_3.pdf, page 23>
Package pdftex.def Info: Lab_3.pdf, page23 used on input line 142.
(pdftex.def)             Requested size: 614.58406pt x 795.3441pt.
File: Lab_3.pdf Graphic file (type pdf)
 <use Lab_3.pdf, page 22>
Package pdftex.def Info: Lab_3.pdf, page22 used on input line 142.
(pdftex.def)             Requested size: 614.58406pt x 795.3441pt.
 [55 <./Lab_3.pdf>]
<Lab_3.pdf, id=488, page=24, 614.295pt x 794.97pt>
File: Lab_3.pdf Graphic file (type pdf)
 <use Lab_3.pdf, page 24>
Package pdftex.def Info: Lab_3.pdf, page24 used on input line 142.
(pdftex.def)             Requested size: 614.58406pt x 795.3441pt.
File: Lab_3.pdf Graphic file (type pdf)

<use Lab_3.pdf, page 24>
Package pdftex.def Info: Lab_3.pdf, page24 used on input line 142.
(pdftex.def)             Requested size: 614.58406pt x 795.3441pt.
File: Lab_3.pdf Graphic file (type pdf)
 <use Lab_3.pdf, page 23>
Package pdftex.def Info: Lab_3.pdf, page23 used on input line 142.
(pdftex.def)             Requested size: 614.58406pt x 795.3441pt.
 [56 <./Lab_3.pdf>]
<Lab_3.pdf, id=494, page=25, 614.295pt x 794.97pt>
File: Lab_3.pdf Graphic file (type pdf)
 <use Lab_3.pdf, page 25>
Package pdftex.def Info: Lab_3.pdf, page25 used on input line 142.
(pdftex.def)             Requested size: 614.58406pt x 795.3441pt.
File: Lab_3.pdf Graphic file (type pdf)

<use Lab_3.pdf, page 25>
Package pdftex.def Info: Lab_3.pdf, page25 used on input line 142.
(pdftex.def)             Requested size: 614.58406pt x 795.3441pt.
File: Lab_3.pdf Graphic file (type pdf)
 <use Lab_3.pdf, page 24>
Package pdftex.def Info: Lab_3.pdf, page24 used on input line 142.
(pdftex.def)             Requested size: 614.58406pt x 795.3441pt.
 [57 <./Lab_3.pdf>]
<Lab_3.pdf, id=498, page=26, 614.295pt x 794.97pt>
File: Lab_3.pdf Graphic file (type pdf)
 <use Lab_3.pdf, page 26>
Package pdftex.def Info: Lab_3.pdf, page26 used on input line 142.
(pdftex.def)             Requested size: 614.58406pt x 795.3441pt.
File: Lab_3.pdf Graphic file (type pdf)

<use Lab_3.pdf, page 26>
Package pdftex.def Info: Lab_3.pdf, page26 used on input line 142.
(pdftex.def)             Requested size: 614.58406pt x 795.3441pt.
File: Lab_3.pdf Graphic file (type pdf)
 <use Lab_3.pdf, page 25>
Package pdftex.def Info: Lab_3.pdf, page25 used on input line 142.
(pdftex.def)             Requested size: 614.58406pt x 795.3441pt.
 [58 <./Lab_3.pdf>]
<Lab_3.pdf, id=502, page=27, 614.295pt x 794.97pt>
File: Lab_3.pdf Graphic file (type pdf)
 <use Lab_3.pdf, page 27>
Package pdftex.def Info: Lab_3.pdf, page27 used on input line 142.
(pdftex.def)             Requested size: 614.58406pt x 795.3441pt.
File: Lab_3.pdf Graphic file (type pdf)

<use Lab_3.pdf, page 27>
Package pdftex.def Info: Lab_3.pdf, page27 used on input line 142.
(pdftex.def)             Requested size: 614.58406pt x 795.3441pt.
File: Lab_3.pdf Graphic file (type pdf)
 <use Lab_3.pdf, page 26>
Package pdftex.def Info: Lab_3.pdf, page26 used on input line 142.
(pdftex.def)             Requested size: 614.58406pt x 795.3441pt.
 [59 <./Lab_3.pdf>]
File: Lab_3.pdf Graphic file (type pdf)

<use Lab_3.pdf, page 27>
Package pdftex.def Info: Lab_3.pdf, page27 used on input line 142.
(pdftex.def)             Requested size: 614.58406pt x 795.3441pt.
 [60 <./Lab_3.pdf>]
<Lab_4.pdf, id=510, 614.295pt x 794.97pt>
File: Lab_4.pdf Graphic file (type pdf)
 <use Lab_4.pdf>
Package pdftex.def Info: Lab_4.pdf used on input line 145.
(pdftex.def)             Requested size: 614.29349pt x 794.96806pt.
File: Lab_4.pdf Graphic file (type pdf)
 <use Lab_4.pdf>
Package pdftex.def Info: Lab_4.pdf used on input line 145.
(pdftex.def)             Requested size: 614.29349pt x 794.96806pt.

<Lab_4.pdf, id=513, page=1, 614.295pt x 794.97pt>
File: Lab_4.pdf Graphic file (type pdf)
 <use Lab_4.pdf, page 1>
Package pdftex.def Info: Lab_4.pdf, page1 used on input line 145.
(pdftex.def)             Requested size: 614.29349pt x 794.96806pt.
File: Lab_4.pdf Graphic file (type pdf)

<use Lab_4.pdf, page 1>
Package pdftex.def Info: Lab_4.pdf, page1 used on input line 145.
(pdftex.def)             Requested size: 614.58406pt x 795.3441pt.
File: Lab_4.pdf Graphic file (type pdf)
 <use Lab_4.pdf, page 1>
Package pdftex.def Info: Lab_4.pdf, page1 used on input line 145.
(pdftex.def)             Requested size: 614.58406pt x 795.3441pt.
File: Lab_4.pdf Graphic file (type pdf)
 <use Lab_4.pdf, page 1>
Package pdftex.def Info: Lab_4.pdf, page1 used on input line 145.
(pdftex.def)             Requested size: 614.58406pt x 795.3441pt.

[61] <Lab_4.pdf, id=517, page=2, 614.295pt x 794.97pt>
File: Lab_4.pdf Graphic file (type pdf)
 <use Lab_4.pdf, page 2>
Package pdftex.def Info: Lab_4.pdf, page2 used on input line 145.
(pdftex.def)             Requested size: 614.58406pt x 795.3441pt.
File: Lab_4.pdf Graphic file (type pdf)

<use Lab_4.pdf, page 2>
Package pdftex.def Info: Lab_4.pdf, page2 used on input line 145.
(pdftex.def)             Requested size: 614.58406pt x 795.3441pt.
File: Lab_4.pdf Graphic file (type pdf)
 <use Lab_4.pdf, page 1>
Package pdftex.def Info: Lab_4.pdf, page1 used on input line 145.
(pdftex.def)             Requested size: 614.58406pt x 795.3441pt.
 [62 <./Lab_4.pdf>]
<Lab_4.pdf, id=537, page=3, 614.295pt x 794.97pt>
File: Lab_4.pdf Graphic file (type pdf)
 <use Lab_4.pdf, page 3>
Package pdftex.def Info: Lab_4.pdf, page3 used on input line 145.
(pdftex.def)             Requested size: 614.58406pt x 795.3441pt.
File: Lab_4.pdf Graphic file (type pdf)

<use Lab_4.pdf, page 3>
Package pdftex.def Info: Lab_4.pdf, page3 used on input line 145.
(pdftex.def)             Requested size: 614.58406pt x 795.3441pt.
File: Lab_4.pdf Graphic file (type pdf)
 <use Lab_4.pdf, page 2>
Package pdftex.def Info: Lab_4.pdf, page2 used on input line 145.
(pdftex.def)             Requested size: 614.58406pt x 795.3441pt.
 [63 <./Lab_4.pdf>]
<Lab_4.pdf, id=544, page=4, 614.295pt x 794.97pt>
File: Lab_4.pdf Graphic file (type pdf)
 <use Lab_4.pdf, page 4>
Package pdftex.def Info: Lab_4.pdf, page4 used on input line 145.
(pdftex.def)             Requested size: 614.58406pt x 795.3441pt.
File: Lab_4.pdf Graphic file (type pdf)

<use Lab_4.pdf, page 4>
Package pdftex.def Info: Lab_4.pdf, page4 used on input line 145.
(pdftex.def)             Requested size: 614.58406pt x 795.3441pt.
File: Lab_4.pdf Graphic file (type pdf)
 <use Lab_4.pdf, page 3>
Package pdftex.def Info: Lab_4.pdf, page3 used on input line 145.
(pdftex.def)             Requested size: 614.58406pt x 795.3441pt.
 [64 <./Lab_4.pdf>]
<Lab_4.pdf, id=548, page=5, 614.295pt x 794.97pt>
File: Lab_4.pdf Graphic file (type pdf)
 <use Lab_4.pdf, page 5>
Package pdftex.def Info: Lab_4.pdf, page5 used on input line 145.
(pdftex.def)             Requested size: 614.58406pt x 795.3441pt.
File: Lab_4.pdf Graphic file (type pdf)

<use Lab_4.pdf, page 5>
Package pdftex.def Info: Lab_4.pdf, page5 used on input line 145.
(pdftex.def)             Requested size: 614.58406pt x 795.3441pt.
File: Lab_4.pdf Graphic file (type pdf)
 <use Lab_4.pdf, page 4>
Package pdftex.def Info: Lab_4.pdf, page4 used on input line 145.
(pdftex.def)             Requested size: 614.58406pt x 795.3441pt.
 [65 <./Lab_4.pdf>]
<Lab_4.pdf, id=558, page=6, 614.295pt x 794.97pt>
File: Lab_4.pdf Graphic file (type pdf)
 <use Lab_4.pdf, page 6>
Package pdftex.def Info: Lab_4.pdf, page6 used on input line 145.
(pdftex.def)             Requested size: 614.58406pt x 795.3441pt.
File: Lab_4.pdf Graphic file (type pdf)

<use Lab_4.pdf, page 6>
Package pdftex.def Info: Lab_4.pdf, page6 used on input line 145.
(pdftex.def)             Requested size: 614.58406pt x 795.3441pt.
File: Lab_4.pdf Graphic file (type pdf)
 <use Lab_4.pdf, page 5>
Package pdftex.def Info: Lab_4.pdf, page5 used on input line 145.
(pdftex.def)             Requested size: 614.58406pt x 795.3441pt.
 [66 <./Lab_4.pdf>]
<Lab_4.pdf, id=573, page=7, 614.295pt x 794.97pt>
File: Lab_4.pdf Graphic file (type pdf)
 <use Lab_4.pdf, page 7>
Package pdftex.def Info: Lab_4.pdf, page7 used on input line 145.
(pdftex.def)             Requested size: 614.58406pt x 795.3441pt.
File: Lab_4.pdf Graphic file (type pdf)

<use Lab_4.pdf, page 7>
Package pdftex.def Info: Lab_4.pdf, page7 used on input line 145.
(pdftex.def)             Requested size: 614.58406pt x 795.3441pt.
File: Lab_4.pdf Graphic file (type pdf)
 <use Lab_4.pdf, page 6>
Package pdftex.def Info: Lab_4.pdf, page6 used on input line 145.
(pdftex.def)             Requested size: 614.58406pt x 795.3441pt.
 [67 <./Lab_4.pdf>]
<Lab_4.pdf, id=579, page=8, 614.295pt x 794.97pt>
File: Lab_4.pdf Graphic file (type pdf)
 <use Lab_4.pdf, page 8>
Package pdftex.def Info: Lab_4.pdf, page8 used on input line 145.
(pdftex.def)             Requested size: 614.58406pt x 795.3441pt.
File: Lab_4.pdf Graphic file (type pdf)

<use Lab_4.pdf, page 8>
Package pdftex.def Info: Lab_4.pdf, page8 used on input line 145.
(pdftex.def)             Requested size: 614.58406pt x 795.3441pt.
File: Lab_4.pdf Graphic file (type pdf)
 <use Lab_4.pdf, page 7>
Package pdftex.def Info: Lab_4.pdf, page7 used on input line 145.
(pdftex.def)             Requested size: 614.58406pt x 795.3441pt.
 [68 <./Lab_4.pdf>]
<Lab_4.pdf, id=591, page=9, 614.295pt x 794.97pt>
File: Lab_4.pdf Graphic file (type pdf)
 <use Lab_4.pdf, page 9>
Package pdftex.def Info: Lab_4.pdf, page9 used on input line 145.
(pdftex.def)             Requested size: 614.58406pt x 795.3441pt.
File: Lab_4.pdf Graphic file (type pdf)

<use Lab_4.pdf, page 9>
Package pdftex.def Info: Lab_4.pdf, page9 used on input line 145.
(pdftex.def)             Requested size: 614.58406pt x 795.3441pt.
File: Lab_4.pdf Graphic file (type pdf)
 <use Lab_4.pdf, page 8>
Package pdftex.def Info: Lab_4.pdf, page8 used on input line 145.
(pdftex.def)             Requested size: 614.58406pt x 795.3441pt.
 [69 <./Lab_4.pdf>]
<Lab_4.pdf, id=599, page=10, 614.295pt x 794.97pt>
File: Lab_4.pdf Graphic file (type pdf)
 <use Lab_4.pdf, page 10>
Package pdftex.def Info: Lab_4.pdf, page10 used on input line 145.
(pdftex.def)             Requested size: 614.58406pt x 795.3441pt.
File: Lab_4.pdf Graphic file (type pdf)

<use Lab_4.pdf, page 10>
Package pdftex.def Info: Lab_4.pdf, page10 used on input line 145.
(pdftex.def)             Requested size: 614.58406pt x 795.3441pt.
File: Lab_4.pdf Graphic file (type pdf)
 <use Lab_4.pdf, page 9>
Package pdftex.def Info: Lab_4.pdf, page9 used on input line 145.
(pdftex.def)             Requested size: 614.58406pt x 795.3441pt.
 [70 <./Lab_4.pdf>]
<Lab_4.pdf, id=605, page=11, 614.295pt x 794.97pt>
File: Lab_4.pdf Graphic file (type pdf)
 <use Lab_4.pdf, page 11>
Package pdftex.def Info: Lab_4.pdf, page11 used on input line 145.
(pdftex.def)             Requested size: 614.58406pt x 795.3441pt.
File: Lab_4.pdf Graphic file (type pdf)

<use Lab_4.pdf, page 11>
Package pdftex.def Info: Lab_4.pdf, page11 used on input line 145.
(pdftex.def)             Requested size: 614.58406pt x 795.3441pt.
File: Lab_4.pdf Graphic file (type pdf)
 <use Lab_4.pdf, page 10>
Package pdftex.def Info: Lab_4.pdf, page10 used on input line 145.
(pdftex.def)             Requested size: 614.58406pt x 795.3441pt.
 [71 <./Lab_4.pdf>]
<Lab_4.pdf, id=610, page=12, 614.295pt x 794.97pt>
File: Lab_4.pdf Graphic file (type pdf)
 <use Lab_4.pdf, page 12>
Package pdftex.def Info: Lab_4.pdf, page12 used on input line 145.
(pdftex.def)             Requested size: 614.58406pt x 795.3441pt.
File: Lab_4.pdf Graphic file (type pdf)

<use Lab_4.pdf, page 12>
Package pdftex.def Info: Lab_4.pdf, page12 used on input line 145.
(pdftex.def)             Requested size: 614.58406pt x 795.3441pt.
File: Lab_4.pdf Graphic file (type pdf)
 <use Lab_4.pdf, page 11>
Package pdftex.def Info: Lab_4.pdf, page11 used on input line 145.
(pdftex.def)             Requested size: 614.58406pt x 795.3441pt.
 [72 <./Lab_4.pdf>]
<Lab_4.pdf, id=619, page=13, 614.295pt x 794.97pt>
File: Lab_4.pdf Graphic file (type pdf)
 <use Lab_4.pdf, page 13>
Package pdftex.def Info: Lab_4.pdf, page13 used on input line 145.
(pdftex.def)             Requested size: 614.58406pt x 795.3441pt.
File: Lab_4.pdf Graphic file (type pdf)

<use Lab_4.pdf, page 13>
Package pdftex.def Info: Lab_4.pdf, page13 used on input line 145.
(pdftex.def)             Requested size: 614.58406pt x 795.3441pt.
File: Lab_4.pdf Graphic file (type pdf)
 <use Lab_4.pdf, page 12>
Package pdftex.def Info: Lab_4.pdf, page12 used on input line 145.
(pdftex.def)             Requested size: 614.58406pt x 795.3441pt.
 [73 <./Lab_4.pdf>]
<Lab_4.pdf, id=626, page=14, 614.295pt x 794.97pt>
File: Lab_4.pdf Graphic file (type pdf)
 <use Lab_4.pdf, page 14>
Package pdftex.def Info: Lab_4.pdf, page14 used on input line 145.
(pdftex.def)             Requested size: 614.58406pt x 795.3441pt.
File: Lab_4.pdf Graphic file (type pdf)

<use Lab_4.pdf, page 14>
Package pdftex.def Info: Lab_4.pdf, page14 used on input line 145.
(pdftex.def)             Requested size: 614.58406pt x 795.3441pt.
File: Lab_4.pdf Graphic file (type pdf)
 <use Lab_4.pdf, page 13>
Package pdftex.def Info: Lab_4.pdf, page13 used on input line 145.
(pdftex.def)             Requested size: 614.58406pt x 795.3441pt.
 [74 <./Lab_4.pdf>]
<Lab_4.pdf, id=631, page=15, 614.295pt x 794.97pt>
File: Lab_4.pdf Graphic file (type pdf)
 <use Lab_4.pdf, page 15>
Package pdftex.def Info: Lab_4.pdf, page15 used on input line 145.
(pdftex.def)             Requested size: 614.58406pt x 795.3441pt.
File: Lab_4.pdf Graphic file (type pdf)

<use Lab_4.pdf, page 15>
Package pdftex.def Info: Lab_4.pdf, page15 used on input line 145.
(pdftex.def)             Requested size: 614.58406pt x 795.3441pt.
File: Lab_4.pdf Graphic file (type pdf)
 <use Lab_4.pdf, page 14>
Package pdftex.def Info: Lab_4.pdf, page14 used on input line 145.
(pdftex.def)             Requested size: 614.58406pt x 795.3441pt.
 [75 <./Lab_4.pdf>]
File: Lab_4.pdf Graphic file (type pdf)

<use Lab_4.pdf, page 15>
Package pdftex.def Info: Lab_4.pdf, page15 used on input line 145.
(pdftex.def)             Requested size: 614.58406pt x 795.3441pt.
 [76 <./Lab_4.pdf>]
<Lab_5.pdf, id=638, 614.295pt x 794.97pt>
File: Lab_5.pdf Graphic file (type pdf)
 <use Lab_5.pdf>
Package pdftex.def Info: Lab_5.pdf used on input line 148.
(pdftex.def)             Requested size: 614.29349pt x 794.96806pt.
File: Lab_5.pdf Graphic file (type pdf)
 <use Lab_5.pdf>
Package pdftex.def Info: Lab_5.pdf used on input line 148.
(pdftex.def)             Requested size: 614.29349pt x 794.96806pt.

<Lab_5.pdf, id=641, page=1, 614.295pt x 794.97pt>
File: Lab_5.pdf Graphic file (type pdf)
 <use Lab_5.pdf, page 1>
Package pdftex.def Info: Lab_5.pdf, page1 used on input line 148.
(pdftex.def)             Requested size: 614.29349pt x 794.96806pt.
File: Lab_5.pdf Graphic file (type pdf)

<use Lab_5.pdf, page 1>
Package pdftex.def Info: Lab_5.pdf, page1 used on input line 148.
(pdftex.def)             Requested size: 614.58406pt x 795.3441pt.
File: Lab_5.pdf Graphic file (type pdf)
 <use Lab_5.pdf, page 1>
Package pdftex.def Info: Lab_5.pdf, page1 used on input line 148.
(pdftex.def)             Requested size: 614.58406pt x 795.3441pt.
File: Lab_5.pdf Graphic file (type pdf)
 <use Lab_5.pdf, page 1>
Package pdftex.def Info: Lab_5.pdf, page1 used on input line 148.
(pdftex.def)             Requested size: 614.58406pt x 795.3441pt.

[77] <Lab_5.pdf, id=645, page=2, 614.295pt x 794.97pt>
File: Lab_5.pdf Graphic file (type pdf)
 <use Lab_5.pdf, page 2>
Package pdftex.def Info: Lab_5.pdf, page2 used on input line 148.
(pdftex.def)             Requested size: 614.58406pt x 795.3441pt.
File: Lab_5.pdf Graphic file (type pdf)

<use Lab_5.pdf, page 2>
Package pdftex.def Info: Lab_5.pdf, page2 used on input line 148.
(pdftex.def)             Requested size: 614.58406pt x 795.3441pt.
File: Lab_5.pdf Graphic file (type pdf)
 <use Lab_5.pdf, page 1>
Package pdftex.def Info: Lab_5.pdf, page1 used on input line 148.
(pdftex.def)             Requested size: 614.58406pt x 795.3441pt.
 [78 <./Lab_5.pdf>]
<Lab_5.pdf, id=674, page=3, 614.295pt x 794.97pt>
File: Lab_5.pdf Graphic file (type pdf)
 <use Lab_5.pdf, page 3>
Package pdftex.def Info: Lab_5.pdf, page3 used on input line 148.
(pdftex.def)             Requested size: 614.58406pt x 795.3441pt.
File: Lab_5.pdf Graphic file (type pdf)

<use Lab_5.pdf, page 3>
Package pdftex.def Info: Lab_5.pdf, page3 used on input line 148.
(pdftex.def)             Requested size: 614.58406pt x 795.3441pt.
File: Lab_5.pdf Graphic file (type pdf)
 <use Lab_5.pdf, page 2>
Package pdftex.def Info: Lab_5.pdf, page2 used on input line 148.
(pdftex.def)             Requested size: 614.58406pt x 795.3441pt.
 [79 <./Lab_5.pdf>]
<Lab_5.pdf, id=681, page=4, 614.295pt x 794.97pt>
File: Lab_5.pdf Graphic file (type pdf)
 <use Lab_5.pdf, page 4>
Package pdftex.def Info: Lab_5.pdf, page4 used on input line 148.
(pdftex.def)             Requested size: 614.58406pt x 795.3441pt.
File: Lab_5.pdf Graphic file (type pdf)

<use Lab_5.pdf, page 4>
Package pdftex.def Info: Lab_5.pdf, page4 used on input line 148.
(pdftex.def)             Requested size: 614.58406pt x 795.3441pt.
File: Lab_5.pdf Graphic file (type pdf)
 <use Lab_5.pdf, page 3>
Package pdftex.def Info: Lab_5.pdf, page3 used on input line 148.
(pdftex.def)             Requested size: 614.58406pt x 795.3441pt.
 [80 <./Lab_5.pdf>]
<Lab_5.pdf, id=685, page=5, 614.295pt x 794.97pt>
File: Lab_5.pdf Graphic file (type pdf)
 <use Lab_5.pdf, page 5>
Package pdftex.def Info: Lab_5.pdf, page5 used on input line 148.
(pdftex.def)             Requested size: 614.58406pt x 795.3441pt.
File: Lab_5.pdf Graphic file (type pdf)

<use Lab_5.pdf, page 5>
Package pdftex.def Info: Lab_5.pdf, page5 used on input line 148.
(pdftex.def)             Requested size: 614.58406pt x 795.3441pt.
File: Lab_5.pdf Graphic file (type pdf)
 <use Lab_5.pdf, page 4>
Package pdftex.def Info: Lab_5.pdf, page4 used on input line 148.
(pdftex.def)             Requested size: 614.58406pt x 795.3441pt.
 [81 <./Lab_5.pdf>]
<Lab_5.pdf, id=704, page=6, 614.295pt x 794.97pt>
File: Lab_5.pdf Graphic file (type pdf)
 <use Lab_5.pdf, page 6>
Package pdftex.def Info: Lab_5.pdf, page6 used on input line 148.
(pdftex.def)             Requested size: 614.58406pt x 795.3441pt.
File: Lab_5.pdf Graphic file (type pdf)

<use Lab_5.pdf, page 6>
Package pdftex.def Info: Lab_5.pdf, page6 used on input line 148.
(pdftex.def)             Requested size: 614.58406pt x 795.3441pt.
File: Lab_5.pdf Graphic file (type pdf)
 <use Lab_5.pdf, page 5>
Package pdftex.def Info: Lab_5.pdf, page5 used on input line 148.
(pdftex.def)             Requested size: 614.58406pt x 795.3441pt.
 [82 <./Lab_5.pdf>]
<Lab_5.pdf, id=709, page=7, 614.295pt x 794.97pt>
File: Lab_5.pdf Graphic file (type pdf)
 <use Lab_5.pdf, page 7>
Package pdftex.def Info: Lab_5.pdf, page7 used on input line 148.
(pdftex.def)             Requested size: 614.58406pt x 795.3441pt.
File: Lab_5.pdf Graphic file (type pdf)

<use Lab_5.pdf, page 7>
Package pdftex.def Info: Lab_5.pdf, page7 used on input line 148.
(pdftex.def)             Requested size: 614.58406pt x 795.3441pt.
File: Lab_5.pdf Graphic file (type pdf)
 <use Lab_5.pdf, page 6>
Package pdftex.def Info: Lab_5.pdf, page6 used on input line 148.
(pdftex.def)             Requested size: 614.58406pt x 795.3441pt.
 [83 <./Lab_5.pdf>]
<Lab_5.pdf, id=714, page=8, 614.295pt x 794.97pt>
File: Lab_5.pdf Graphic file (type pdf)
 <use Lab_5.pdf, page 8>
Package pdftex.def Info: Lab_5.pdf, page8 used on input line 148.
(pdftex.def)             Requested size: 614.58406pt x 795.3441pt.
File: Lab_5.pdf Graphic file (type pdf)

<use Lab_5.pdf, page 8>
Package pdftex.def Info: Lab_5.pdf, page8 used on input line 148.
(pdftex.def)             Requested size: 614.58406pt x 795.3441pt.
File: Lab_5.pdf Graphic file (type pdf)
 <use Lab_5.pdf, page 7>
Package pdftex.def Info: Lab_5.pdf, page7 used on input line 148.
(pdftex.def)             Requested size: 614.58406pt x 795.3441pt.
 [84 <./Lab_5.pdf>]
<Lab_5.pdf, id=721, page=9, 614.295pt x 794.97pt>
File: Lab_5.pdf Graphic file (type pdf)
 <use Lab_5.pdf, page 9>
Package pdftex.def Info: Lab_5.pdf, page9 used on input line 148.
(pdftex.def)             Requested size: 614.58406pt x 795.3441pt.
File: Lab_5.pdf Graphic file (type pdf)

<use Lab_5.pdf, page 9>
Package pdftex.def Info: Lab_5.pdf, page9 used on input line 148.
(pdftex.def)             Requested size: 614.58406pt x 795.3441pt.
File: Lab_5.pdf Graphic file (type pdf)
 <use Lab_5.pdf, page 8>
Package pdftex.def Info: Lab_5.pdf, page8 used on input line 148.
(pdftex.def)             Requested size: 614.58406pt x 795.3441pt.
 [85 <./Lab_5.pdf>]
<Lab_5.pdf, id=726, page=10, 614.295pt x 794.97pt>
File: Lab_5.pdf Graphic file (type pdf)
 <use Lab_5.pdf, page 10>
Package pdftex.def Info: Lab_5.pdf, page10 used on input line 148.
(pdftex.def)             Requested size: 614.58406pt x 795.3441pt.
File: Lab_5.pdf Graphic file (type pdf)

<use Lab_5.pdf, page 10>
Package pdftex.def Info: Lab_5.pdf, page10 used on input line 148.
(pdftex.def)             Requested size: 614.58406pt x 795.3441pt.
File: Lab_5.pdf Graphic file (type pdf)
 <use Lab_5.pdf, page 9>
Package pdftex.def Info: Lab_5.pdf, page9 used on input line 148.
(pdftex.def)             Requested size: 614.58406pt x 795.3441pt.
 [86 <./Lab_5.pdf>]
<Lab_5.pdf, id=733, page=11, 614.295pt x 794.97pt>
File: Lab_5.pdf Graphic file (type pdf)
 <use Lab_5.pdf, page 11>
Package pdftex.def Info: Lab_5.pdf, page11 used on input line 148.
(pdftex.def)             Requested size: 614.58406pt x 795.3441pt.
File: Lab_5.pdf Graphic file (type pdf)

<use Lab_5.pdf, page 11>
Package pdftex.def Info: Lab_5.pdf, page11 used on input line 148.
(pdftex.def)             Requested size: 614.58406pt x 795.3441pt.
File: Lab_5.pdf Graphic file (type pdf)
 <use Lab_5.pdf, page 10>
Package pdftex.def Info: Lab_5.pdf, page10 used on input line 148.
(pdftex.def)             Requested size: 614.58406pt x 795.3441pt.
 [87 <./Lab_5.pdf>]
<Lab_5.pdf, id=738, page=12, 614.295pt x 794.97pt>
File: Lab_5.pdf Graphic file (type pdf)
 <use Lab_5.pdf, page 12>
Package pdftex.def Info: Lab_5.pdf, page12 used on input line 148.
(pdftex.def)             Requested size: 614.58406pt x 795.3441pt.
File: Lab_5.pdf Graphic file (type pdf)

<use Lab_5.pdf, page 12>
Package pdftex.def Info: Lab_5.pdf, page12 used on input line 148.
(pdftex.def)             Requested size: 614.58406pt x 795.3441pt.
File: Lab_5.pdf Graphic file (type pdf)
 <use Lab_5.pdf, page 11>
Package pdftex.def Info: Lab_5.pdf, page11 used on input line 148.
(pdftex.def)             Requested size: 614.58406pt x 795.3441pt.
 [88 <./Lab_5.pdf>]
<Lab_5.pdf, id=743, page=13, 614.295pt x 794.97pt>
File: Lab_5.pdf Graphic file (type pdf)
 <use Lab_5.pdf, page 13>
Package pdftex.def Info: Lab_5.pdf, page13 used on input line 148.
(pdftex.def)             Requested size: 614.58406pt x 795.3441pt.
File: Lab_5.pdf Graphic file (type pdf)

<use Lab_5.pdf, page 13>
Package pdftex.def Info: Lab_5.pdf, page13 used on input line 148.
(pdftex.def)             Requested size: 614.58406pt x 795.3441pt.
File: Lab_5.pdf Graphic file (type pdf)
 <use Lab_5.pdf, page 12>
Package pdftex.def Info: Lab_5.pdf, page12 used on input line 148.
(pdftex.def)             Requested size: 614.58406pt x 795.3441pt.
 [89 <./Lab_5.pdf>]
<Lab_5.pdf, id=749, page=14, 614.295pt x 794.97pt>
File: Lab_5.pdf Graphic file (type pdf)
 <use Lab_5.pdf, page 14>
Package pdftex.def Info: Lab_5.pdf, page14 used on input line 148.
(pdftex.def)             Requested size: 614.58406pt x 795.3441pt.
File: Lab_5.pdf Graphic file (type pdf)

<use Lab_5.pdf, page 14>
Package pdftex.def Info: Lab_5.pdf, page14 used on input line 148.
(pdftex.def)             Requested size: 614.58406pt x 795.3441pt.
File: Lab_5.pdf Graphic file (type pdf)
 <use Lab_5.pdf, page 13>
Package pdftex.def Info: Lab_5.pdf, page13 used on input line 148.
(pdftex.def)             Requested size: 614.58406pt x 795.3441pt.
 [90 <./Lab_5.pdf>]
<Lab_5.pdf, id=757, page=15, 614.295pt x 794.97pt>
File: Lab_5.pdf Graphic file (type pdf)
 <use Lab_5.pdf, page 15>
Package pdftex.def Info: Lab_5.pdf, page15 used on input line 148.
(pdftex.def)             Requested size: 614.58406pt x 795.3441pt.
File: Lab_5.pdf Graphic file (type pdf)

<use Lab_5.pdf, page 15>
Package pdftex.def Info: Lab_5.pdf, page15 used on input line 148.
(pdftex.def)             Requested size: 614.58406pt x 795.3441pt.
File: Lab_5.pdf Graphic file (type pdf)
 <use Lab_5.pdf, page 14>
Package pdftex.def Info: Lab_5.pdf, page14 used on input line 148.
(pdftex.def)             Requested size: 614.58406pt x 795.3441pt.
 [91 <./Lab_5.pdf>]
<Lab_5.pdf, id=763, page=16, 614.295pt x 794.97pt>
File: Lab_5.pdf Graphic file (type pdf)
 <use Lab_5.pdf, page 16>
Package pdftex.def Info: Lab_5.pdf, page16 used on input line 148.
(pdftex.def)             Requested size: 614.58406pt x 795.3441pt.
File: Lab_5.pdf Graphic file (type pdf)

<use Lab_5.pdf, page 16>
Package pdftex.def Info: Lab_5.pdf, page16 used on input line 148.
(pdftex.def)             Requested size: 614.58406pt x 795.3441pt.
File: Lab_5.pdf Graphic file (type pdf)
 <use Lab_5.pdf, page 15>
Package pdftex.def Info: Lab_5.pdf, page15 used on input line 148.
(pdftex.def)             Requested size: 614.58406pt x 795.3441pt.
 [92 <./Lab_5.pdf>]
<Lab_5.pdf, id=767, page=17, 614.295pt x 794.97pt>
File: Lab_5.pdf Graphic file (type pdf)
 <use Lab_5.pdf, page 17>
Package pdftex.def Info: Lab_5.pdf, page17 used on input line 148.
(pdftex.def)             Requested size: 614.58406pt x 795.3441pt.
File: Lab_5.pdf Graphic file (type pdf)

<use Lab_5.pdf, page 17>
Package pdftex.def Info: Lab_5.pdf, page17 used on input line 148.
(pdftex.def)             Requested size: 614.58406pt x 795.3441pt.
File: Lab_5.pdf Graphic file (type pdf)
 <use Lab_5.pdf, page 16>
Package pdftex.def Info: Lab_5.pdf, page16 used on input line 148.
(pdftex.def)             Requested size: 614.58406pt x 795.3441pt.
 [93 <./Lab_5.pdf>]
File: Lab_5.pdf Graphic file (type pdf)

<use Lab_5.pdf, page 17>
Package pdftex.def Info: Lab_5.pdf, page17 used on input line 148.
(pdftex.def)             Requested size: 614.58406pt x 795.3441pt.
 [94 <./Lab_5.pdf>] (./main.aux) ) 
Here is how much of TeX's memory you used:
 5376 strings out of 493089
 80778 string characters out of 6134842
 146044 words of memory out of 5000000
 8751 multiletter control sequences out of 15000+600000
 9327 words of font info for 36 fonts, out of 8000000 for 9000
 1141 hyphenation exceptions out of 8191
 40i,18n,46p,762b,514s stack positions out of 5000i,500n,10000p,200000b,80000s
</usr/local/texlive/2015/texmf-dist/fonts/typ
e1/public/amsfonts/cm/cmbx10.pfb></usr/local/texlive/2015/texmf-dist/fonts/type
1/public/amsfonts/cm/cmbx12.pfb></usr/local/texlive/2015/texmf-dist/fonts/type1
/public/amsfonts/cm/cmbx9.pfb></usr/local/texlive/2015/texmf-dist/fonts/type1/p
ublic/amsfonts/cm/cmex10.pfb></usr/local/texlive/2015/texmf-dist/fonts/type1/pu
blic/amsfonts/cm/cmmi10.pfb></usr/local/texlive/2015/texmf-dist/fonts/type1/pub
lic/amsfonts/cm/cmmi6.pfb></usr/local/texlive/2015/texmf-dist/fonts/type1/publi
c/amsfonts/cm/cmmi7.pfb></usr/local/texlive/2015/texmf-dist/fonts/type1/public/
amsfonts/cm/cmmi9.pfb></usr/local/texlive/2015/texmf-dist/fonts/type1/public/am
sfonts/cm/cmr10.pfb></usr/local/texlive/2015/texmf-dist/fonts/type1/public/amsf
onts/cm/cmr5.pfb></usr/local/texlive/2015/texmf-dist/fonts/type1/public/amsfont
s/cm/cmr7.pfb></usr/local/texlive/2015/texmf-dist/fonts/type1/public/amsfonts/c
m/cmr9.pfb></usr/local/texlive/2015/texmf-dist/fonts/type1/public/amsfonts/cm/c
msy10.pfb></usr/local/texlive/2015/texmf-dist/fonts/type1/public/amsfonts/cm/cm
sy7.pfb></usr/local/texlive/2015/texmf-dist/fonts/type1/public/amsfonts/cm/cmsy
9.pfb>
Output written on main.pdf (95 pages, 3011623 bytes).
PDF statistics:
 807 PDF objects out of 1000 (max. 8388607)
 471 compressed objects within 5 object streams
 0 named destinations out of 1000 (max. 500000)
 516 words of extra memory for PDF output out of 10000 (max. 10000000)

